{"/home/smika/versioned/utily/authly/Actor.ts": {"path":"/home/smika/versioned/utily/authly/Actor.ts","all":false,"statementMap":{"0":{"start":{"line":1,"column":0},"end":{"line":1,"column":38}},"1":{"start":{"line":2,"column":0},"end":{"line":2,"column":40}},"2":{"start":{"line":3,"column":0},"end":{"line":3,"column":61}},"3":{"start":{"line":4,"column":0},"end":{"line":4,"column":37}},"5":{"start":{"line":6,"column":0},"end":{"line":6,"column":85}},"6":{"start":{"line":7,"column":0},"end":{"line":7,"column":19}},"7":{"start":{"line":8,"column":0},"end":{"line":8,"column":11}},"8":{"start":{"line":9,"column":0},"end":{"line":9,"column":114}},"9":{"start":{"line":10,"column":0},"end":{"line":10,"column":3}},"10":{"start":{"line":11,"column":0},"end":{"line":11,"column":29}},"11":{"start":{"line":12,"column":0},"end":{"line":12,"column":2}},"13":{"start":{"line":14,"column":0},"end":{"line":14,"column":90}},"14":{"start":{"line":15,"column":0},"end":{"line":15,"column":55}},"15":{"start":{"line":16,"column":0},"end":{"line":16,"column":38}},"16":{"start":{"line":17,"column":0},"end":{"line":17,"column":48}},"17":{"start":{"line":18,"column":0},"end":{"line":18,"column":64}},"18":{"start":{"line":19,"column":0},"end":{"line":19,"column":36}},"19":{"start":{"line":20,"column":0},"end":{"line":20,"column":2}},"20":{"start":{"line":21,"column":0},"end":{"line":21,"column":1}}},"s":{"0":1,"1":1,"2":1,"3":1,"5":1,"6":8,"7":8,"8":10,"9":8,"10":8,"11":8,"13":1,"14":8,"15":2,"16":6,"17":4,"18":2,"19":8,"20":1},"branchMap":{"0":{"type":"branch","line":4,"loc":{"start":{"line":4,"column":1},"end":{"line":4,"column":37}},"locations":[{"start":{"line":4,"column":1},"end":{"line":4,"column":37}}]},"1":{"type":"branch","line":6,"loc":{"start":{"line":6,"column":1},"end":{"line":12,"column":2}},"locations":[{"start":{"line":6,"column":1},"end":{"line":12,"column":2}}]},"2":{"type":"branch","line":8,"loc":{"start":{"line":8,"column":3},"end":{"line":9,"column":114}},"locations":[{"start":{"line":8,"column":3},"end":{"line":9,"column":114}}]},"3":{"type":"branch","line":9,"loc":{"start":{"line":9,"column":67},"end":{"line":9,"column":108}},"locations":[{"start":{"line":9,"column":67},"end":{"line":9,"column":108}}]},"4":{"type":"branch","line":9,"loc":{"start":{"line":9,"column":104},"end":{"line":9,"column":113}},"locations":[{"start":{"line":9,"column":104},"end":{"line":9,"column":113}}]},"5":{"type":"branch","line":14,"loc":{"start":{"line":14,"column":9},"end":{"line":20,"column":2}},"locations":[{"start":{"line":14,"column":9},"end":{"line":20,"column":2}}]},"6":{"type":"branch","line":15,"loc":{"start":{"line":15,"column":54},"end":{"line":16,"column":38}},"locations":[{"start":{"line":15,"column":54},"end":{"line":16,"column":38}}]},"7":{"type":"branch","line":16,"loc":{"start":{"line":16,"column":37},"end":{"line":19,"column":36}},"locations":[{"start":{"line":16,"column":37},"end":{"line":19,"column":36}}]},"8":{"type":"branch","line":17,"loc":{"start":{"line":17,"column":47},"end":{"line":18,"column":64}},"locations":[{"start":{"line":17,"column":47},"end":{"line":18,"column":64}}]},"9":{"type":"branch","line":18,"loc":{"start":{"line":18,"column":63},"end":{"line":19,"column":36}},"locations":[{"start":{"line":18,"column":63},"end":{"line":19,"column":36}}]}},"b":{"0":[24],"1":[8],"2":[10],"3":[8],"4":[2],"5":[8],"6":[2],"7":[6],"8":[4],"9":[2]},"fnMap":{"0":{"name":"Actor","decl":{"start":{"line":4,"column":1},"end":{"line":4,"column":37}},"loc":{"start":{"line":4,"column":1},"end":{"line":4,"column":37}},"line":4},"1":{"name":"add","decl":{"start":{"line":6,"column":1},"end":{"line":12,"column":2}},"loc":{"start":{"line":6,"column":1},"end":{"line":12,"column":2}},"line":6},"2":{"name":"creatableToTransformer","decl":{"start":{"line":14,"column":9},"end":{"line":20,"column":2}},"loc":{"start":{"line":14,"column":9},"end":{"line":20,"column":2}},"line":14}},"f":{"0":24,"1":8,"2":8}}
,"/home/smika/versioned/utily/authly/Header.ts": {"path":"/home/smika/versioned/utily/authly/Header.ts","all":true,"statementMap":{},"s":{},"branchMap":{"0":{"type":"branch","line":1,"loc":{"start":{"line":1,"column":409},"end":{"line":17,"column":1}},"locations":[{"start":{"line":1,"column":409},"end":{"line":17,"column":1}}]}},"b":{"0":[1]},"fnMap":{"0":{"name":"(empty-report)","decl":{"start":{"line":1,"column":409},"end":{"line":17,"column":1}},"loc":{"start":{"line":1,"column":409},"end":{"line":17,"column":1}},"line":1}},"f":{"0":1}}
,"/home/smika/versioned/utily/authly/Issuer.ts": {"path":"/home/smika/versioned/utily/authly/Issuer.ts","all":false,"statementMap":{"0":{"start":{"line":1,"column":0},"end":{"line":1,"column":33}},"7":{"start":{"line":8,"column":0},"end":{"line":8,"column":65}},"11":{"start":{"line":12,"column":0},"end":{"line":12,"column":23}},"12":{"start":{"line":13,"column":0},"end":{"line":13,"column":10}},"13":{"start":{"line":14,"column":0},"end":{"line":14,"column":28}},"14":{"start":{"line":15,"column":0},"end":{"line":15,"column":14}},"15":{"start":{"line":16,"column":0},"end":{"line":16,"column":58}},"16":{"start":{"line":17,"column":0},"end":{"line":17,"column":3}},"17":{"start":{"line":18,"column":0},"end":{"line":18,"column":2}},"18":{"start":{"line":19,"column":0},"end":{"line":19,"column":25}},"19":{"start":{"line":20,"column":0},"end":{"line":20,"column":64}},"20":{"start":{"line":21,"column":0},"end":{"line":21,"column":20}},"21":{"start":{"line":22,"column":0},"end":{"line":22,"column":29}},"22":{"start":{"line":23,"column":0},"end":{"line":23,"column":34}},"23":{"start":{"line":24,"column":0},"end":{"line":24,"column":42}},"24":{"start":{"line":25,"column":0},"end":{"line":25,"column":15}},"25":{"start":{"line":26,"column":0},"end":{"line":26,"column":2}},"26":{"start":{"line":27,"column":0},"end":{"line":27,"column":69}},"27":{"start":{"line":28,"column":0},"end":{"line":28,"column":15}},"28":{"start":{"line":29,"column":0},"end":{"line":29,"column":2}},"29":{"start":{"line":30,"column":0},"end":{"line":30,"column":79}},"30":{"start":{"line":31,"column":0},"end":{"line":31,"column":43}},"31":{"start":{"line":32,"column":0},"end":{"line":32,"column":15}},"32":{"start":{"line":33,"column":0},"end":{"line":33,"column":83}},"33":{"start":{"line":34,"column":0},"end":{"line":34,"column":112}},"34":{"start":{"line":35,"column":0},"end":{"line":35,"column":14}},"35":{"start":{"line":36,"column":0},"end":{"line":36,"column":17}},"36":{"start":{"line":37,"column":0},"end":{"line":37,"column":115}},"37":{"start":{"line":38,"column":0},"end":{"line":38,"column":58}},"38":{"start":{"line":39,"column":0},"end":{"line":39,"column":9}},"39":{"start":{"line":40,"column":0},"end":{"line":40,"column":6}},"40":{"start":{"line":41,"column":0},"end":{"line":41,"column":61}},"41":{"start":{"line":42,"column":0},"end":{"line":42,"column":2}},"42":{"start":{"line":43,"column":0},"end":{"line":43,"column":40}},"43":{"start":{"line":44,"column":0},"end":{"line":44,"column":44}},"44":{"start":{"line":45,"column":0},"end":{"line":45,"column":34}},"45":{"start":{"line":46,"column":0},"end":{"line":46,"column":46}},"46":{"start":{"line":47,"column":0},"end":{"line":47,"column":27}},"47":{"start":{"line":48,"column":0},"end":{"line":48,"column":56}},"48":{"start":{"line":49,"column":0},"end":{"line":49,"column":2}},"52":{"start":{"line":53,"column":0},"end":{"line":53,"column":108}},"53":{"start":{"line":54,"column":0},"end":{"line":54,"column":66}},"54":{"start":{"line":55,"column":0},"end":{"line":55,"column":2}},"55":{"start":{"line":56,"column":0},"end":{"line":56,"column":1}}},"s":{"0":1,"7":1,"11":1,"12":1,"13":1,"14":1,"15":1,"16":1,"17":1,"18":1,"19":17,"20":17,"21":17,"22":17,"23":17,"24":17,"25":17,"26":1,"27":11,"28":11,"29":1,"30":17,"31":17,"32":17,"33":17,"34":17,"35":17,"36":17,"37":17,"38":17,"39":17,"40":17,"41":17,"42":1,"43":17,"44":0,"45":17,"46":9,"47":8,"48":17,"52":1,"53":11,"54":11,"55":1},"branchMap":{"0":{"type":"branch","line":27,"loc":{"start":{"line":27,"column":9},"end":{"line":29,"column":2}},"locations":[{"start":{"line":27,"column":9},"end":{"line":29,"column":2}}]},"1":{"type":"branch","line":16,"loc":{"start":{"line":16,"column":22},"end":{"line":16,"column":58}},"locations":[{"start":{"line":16,"column":22},"end":{"line":16,"column":58}}]},"2":{"type":"branch","line":19,"loc":{"start":{"line":19,"column":1},"end":{"line":26,"column":2}},"locations":[{"start":{"line":19,"column":1},"end":{"line":26,"column":2}}]},"3":{"type":"branch","line":22,"loc":{"start":{"line":22,"column":3},"end":{"line":22,"column":29}},"locations":[{"start":{"line":22,"column":3},"end":{"line":22,"column":29}}]},"4":{"type":"branch","line":23,"loc":{"start":{"line":23,"column":11},"end":{"line":23,"column":34}},"locations":[{"start":{"line":23,"column":11},"end":{"line":23,"column":34}}]},"5":{"type":"branch","line":24,"loc":{"start":{"line":24,"column":3},"end":{"line":24,"column":42}},"locations":[{"start":{"line":24,"column":3},"end":{"line":24,"column":42}}]},"6":{"type":"branch","line":30,"loc":{"start":{"line":30,"column":1},"end":{"line":42,"column":2}},"locations":[{"start":{"line":30,"column":1},"end":{"line":42,"column":2}}]},"7":{"type":"branch","line":33,"loc":{"start":{"line":33,"column":3},"end":{"line":33,"column":83}},"locations":[{"start":{"line":33,"column":3},"end":{"line":33,"column":83}}]},"8":{"type":"branch","line":33,"loc":{"start":{"line":33,"column":36},"end":{"line":33,"column":58}},"locations":[{"start":{"line":33,"column":36},"end":{"line":33,"column":58}}]},"9":{"type":"branch","line":33,"loc":{"start":{"line":33,"column":47},"end":{"line":33,"column":83}},"locations":[{"start":{"line":33,"column":47},"end":{"line":33,"column":83}}]},"10":{"type":"branch","line":34,"loc":{"start":{"line":34,"column":53},"end":{"line":34,"column":87}},"locations":[{"start":{"line":34,"column":53},"end":{"line":34,"column":87}}]},"11":{"type":"branch","line":43,"loc":{"start":{"line":43,"column":1},"end":{"line":49,"column":2}},"locations":[{"start":{"line":43,"column":1},"end":{"line":49,"column":2}}]},"12":{"type":"branch","line":44,"loc":{"start":{"line":44,"column":35},"end":{"line":45,"column":34}},"locations":[{"start":{"line":44,"column":35},"end":{"line":45,"column":34}}]},"13":{"type":"branch","line":46,"loc":{"start":{"line":46,"column":38},"end":{"line":47,"column":27}},"locations":[{"start":{"line":46,"column":38},"end":{"line":47,"column":27}}]},"14":{"type":"branch","line":47,"loc":{"start":{"line":47,"column":12},"end":{"line":48,"column":56}},"locations":[{"start":{"line":47,"column":12},"end":{"line":48,"column":56}}]},"15":{"type":"branch","line":53,"loc":{"start":{"line":53,"column":8},"end":{"line":55,"column":2}},"locations":[{"start":{"line":53,"column":8},"end":{"line":55,"column":2}}]},"16":{"type":"branch","line":54,"loc":{"start":{"line":54,"column":51},"end":{"line":54,"column":66}},"locations":[{"start":{"line":54,"column":51},"end":{"line":54,"column":66}}]}},"b":{"0":[11],"1":[2],"2":[17],"3":[7],"4":[2],"5":[2],"6":[17],"7":[3],"8":[2],"9":[1],"10":[5],"11":[17],"12":[0],"13":[9],"14":[8],"15":[11],"16":[0]},"fnMap":{"0":{"name":"Issuer","decl":{"start":{"line":27,"column":9},"end":{"line":29,"column":2}},"loc":{"start":{"line":27,"column":9},"end":{"line":29,"column":2}},"line":27},"1":{"name":"get payload","decl":{"start":{"line":19,"column":1},"end":{"line":26,"column":2}},"loc":{"start":{"line":19,"column":1},"end":{"line":26,"column":2}},"line":19},"2":{"name":"sign","decl":{"start":{"line":30,"column":1},"end":{"line":42,"column":2}},"loc":{"start":{"line":30,"column":1},"end":{"line":42,"column":2}},"line":30},"3":{"name":"get issuedAt","decl":{"start":{"line":43,"column":1},"end":{"line":49,"column":2}},"loc":{"start":{"line":43,"column":1},"end":{"line":49,"column":2}},"line":43},"4":{"name":"create","decl":{"start":{"line":53,"column":8},"end":{"line":55,"column":2}},"loc":{"start":{"line":53,"column":8},"end":{"line":55,"column":2}},"line":53}},"f":{"0":11,"1":17,"2":17,"3":17,"4":11}}
,"/home/smika/versioned/utily/authly/Payload.ts": {"path":"/home/smika/versioned/utily/authly/Payload.ts","all":false,"statementMap":{},"s":{},"branchMap":{},"b":{},"fnMap":{},"f":{}}
,"/home/smika/versioned/utily/authly/Token.ts": {"path":"/home/smika/versioned/utily/authly/Token.ts","all":false,"statementMap":{"0":{"start":{"line":1,"column":0},"end":{"line":1,"column":27}},"4":{"start":{"line":5,"column":0},"end":{"line":5,"column":24}},"5":{"start":{"line":6,"column":0},"end":{"line":6,"column":39}},"6":{"start":{"line":7,"column":0},"end":{"line":7,"column":17}},"7":{"start":{"line":8,"column":0},"end":{"line":8,"column":72}},"8":{"start":{"line":9,"column":0},"end":{"line":9,"column":2}},"9":{"start":{"line":10,"column":0},"end":{"line":10,"column":26}},"10":{"start":{"line":11,"column":0},"end":{"line":11,"column":30}}},"s":{"0":1,"4":1,"5":7,"6":7,"7":7,"8":7,"9":7,"10":7},"branchMap":{"0":{"type":"branch","line":5,"loc":{"start":{"line":5,"column":7},"end":{"line":11,"column":30}},"locations":[{"start":{"line":5,"column":7},"end":{"line":11,"column":30}}]}},"b":{"0":[7]},"fnMap":{},"f":{}}
,"/home/smika/versioned/utily/authly/Verifier.ts": {"path":"/home/smika/versioned/utily/authly/Verifier.ts","all":false,"statementMap":{"0":{"start":{"line":1,"column":0},"end":{"line":1,"column":33}},"7":{"start":{"line":8,"column":0},"end":{"line":8,"column":69}},"9":{"start":{"line":10,"column":0},"end":{"line":10,"column":50}},"10":{"start":{"line":11,"column":0},"end":{"line":11,"column":9}},"11":{"start":{"line":12,"column":0},"end":{"line":12,"column":30}},"12":{"start":{"line":13,"column":0},"end":{"line":13,"column":23}},"13":{"start":{"line":14,"column":0},"end":{"line":14,"column":38}},"14":{"start":{"line":15,"column":0},"end":{"line":15,"column":40}},"15":{"start":{"line":16,"column":0},"end":{"line":16,"column":52}},"17":{"start":{"line":18,"column":0},"end":{"line":18,"column":50}},"18":{"start":{"line":19,"column":0},"end":{"line":19,"column":8}},"19":{"start":{"line":20,"column":0},"end":{"line":20,"column":30}},"20":{"start":{"line":21,"column":0},"end":{"line":21,"column":2}},"21":{"start":{"line":22,"column":0},"end":{"line":22,"column":22}},"22":{"start":{"line":23,"column":0},"end":{"line":23,"column":35}},"23":{"start":{"line":24,"column":0},"end":{"line":24,"column":118}},"24":{"start":{"line":25,"column":0},"end":{"line":25,"column":39}},"25":{"start":{"line":26,"column":0},"end":{"line":26,"column":56}},"26":{"start":{"line":27,"column":0},"end":{"line":27,"column":41}},"27":{"start":{"line":28,"column":0},"end":{"line":28,"column":8}},"28":{"start":{"line":29,"column":0},"end":{"line":29,"column":87}},"29":{"start":{"line":30,"column":0},"end":{"line":30,"column":45}},"30":{"start":{"line":31,"column":0},"end":{"line":31,"column":99}},"31":{"start":{"line":32,"column":0},"end":{"line":32,"column":101}},"33":{"start":{"line":34,"column":0},"end":{"line":34,"column":51}},"34":{"start":{"line":35,"column":0},"end":{"line":35,"column":49}},"35":{"start":{"line":36,"column":0},"end":{"line":36,"column":51}},"36":{"start":{"line":37,"column":0},"end":{"line":37,"column":49}},"37":{"start":{"line":38,"column":0},"end":{"line":38,"column":25}},"38":{"start":{"line":39,"column":0},"end":{"line":39,"column":21}},"39":{"start":{"line":40,"column":0},"end":{"line":40,"column":16}},"40":{"start":{"line":41,"column":0},"end":{"line":41,"column":113}},"41":{"start":{"line":42,"column":0},"end":{"line":42,"column":12}},"42":{"start":{"line":43,"column":0},"end":{"line":43,"column":22}},"43":{"start":{"line":44,"column":0},"end":{"line":44,"column":4}},"44":{"start":{"line":45,"column":0},"end":{"line":45,"column":3}},"45":{"start":{"line":46,"column":0},"end":{"line":46,"column":15}},"46":{"start":{"line":47,"column":0},"end":{"line":47,"column":2}},"47":{"start":{"line":48,"column":0},"end":{"line":48,"column":80}},"48":{"start":{"line":49,"column":0},"end":{"line":49,"column":114}},"49":{"start":{"line":50,"column":0},"end":{"line":50,"column":32}},"50":{"start":{"line":51,"column":0},"end":{"line":51,"column":2}},"51":{"start":{"line":52,"column":0},"end":{"line":52,"column":86}},"52":{"start":{"line":53,"column":0},"end":{"line":53,"column":20}},"53":{"start":{"line":54,"column":0},"end":{"line":54,"column":24}},"54":{"start":{"line":55,"column":0},"end":{"line":55,"column":55}},"55":{"start":{"line":56,"column":0},"end":{"line":56,"column":47}},"56":{"start":{"line":57,"column":0},"end":{"line":57,"column":86}},"57":{"start":{"line":58,"column":0},"end":{"line":58,"column":18}},"58":{"start":{"line":59,"column":0},"end":{"line":59,"column":10}},"59":{"start":{"line":60,"column":0},"end":{"line":60,"column":5}},"60":{"start":{"line":61,"column":0},"end":{"line":61,"column":4}},"61":{"start":{"line":62,"column":0},"end":{"line":62,"column":3}},"62":{"start":{"line":63,"column":0},"end":{"line":63,"column":15}},"63":{"start":{"line":64,"column":0},"end":{"line":64,"column":2}},"64":{"start":{"line":65,"column":0},"end":{"line":65,"column":94}},"65":{"start":{"line":66,"column":0},"end":{"line":66,"column":10}},"66":{"start":{"line":67,"column":0},"end":{"line":67,"column":27}},"67":{"start":{"line":68,"column":0},"end":{"line":68,"column":25}},"68":{"start":{"line":69,"column":0},"end":{"line":69,"column":71}},"69":{"start":{"line":70,"column":0},"end":{"line":70,"column":79}},"71":{"start":{"line":72,"column":0},"end":{"line":72,"column":2}},"72":{"start":{"line":73,"column":0},"end":{"line":73,"column":74}},"73":{"start":{"line":74,"column":0},"end":{"line":74,"column":66}},"74":{"start":{"line":75,"column":0},"end":{"line":75,"column":2}},"75":{"start":{"line":76,"column":0},"end":{"line":76,"column":97}},"76":{"start":{"line":77,"column":0},"end":{"line":77,"column":42}},"77":{"start":{"line":78,"column":0},"end":{"line":78,"column":26}},"78":{"start":{"line":79,"column":0},"end":{"line":79,"column":19}},"79":{"start":{"line":80,"column":0},"end":{"line":80,"column":68}},"80":{"start":{"line":81,"column":0},"end":{"line":81,"column":56}},"81":{"start":{"line":82,"column":0},"end":{"line":82,"column":69}},"82":{"start":{"line":83,"column":0},"end":{"line":83,"column":107}},"83":{"start":{"line":84,"column":0},"end":{"line":84,"column":42}},"84":{"start":{"line":85,"column":0},"end":{"line":85,"column":14}},"85":{"start":{"line":86,"column":0},"end":{"line":86,"column":2}},"86":{"start":{"line":87,"column":0},"end":{"line":87,"column":111}},"87":{"start":{"line":88,"column":0},"end":{"line":88,"column":61}},"88":{"start":{"line":89,"column":0},"end":{"line":89,"column":54}},"89":{"start":{"line":90,"column":0},"end":{"line":90,"column":14}},"90":{"start":{"line":91,"column":0},"end":{"line":91,"column":2}},"91":{"start":{"line":92,"column":0},"end":{"line":92,"column":35}},"92":{"start":{"line":93,"column":0},"end":{"line":93,"column":40}},"93":{"start":{"line":94,"column":0},"end":{"line":94,"column":34}},"94":{"start":{"line":95,"column":0},"end":{"line":95,"column":42}},"95":{"start":{"line":96,"column":0},"end":{"line":96,"column":23}},"96":{"start":{"line":97,"column":0},"end":{"line":97,"column":52}},"97":{"start":{"line":98,"column":0},"end":{"line":98,"column":2}},"102":{"start":{"line":103,"column":0},"end":{"line":103,"column":102}},"103":{"start":{"line":104,"column":0},"end":{"line":104,"column":10}},"104":{"start":{"line":105,"column":0},"end":{"line":105,"column":60}},"105":{"start":{"line":106,"column":0},"end":{"line":106,"column":69}},"106":{"start":{"line":107,"column":0},"end":{"line":107,"column":12}},"108":{"start":{"line":109,"column":0},"end":{"line":109,"column":2}},"109":{"start":{"line":110,"column":0},"end":{"line":110,"column":1}}},"s":{"0":1,"7":1,"9":1,"10":13,"11":13,"12":11,"13":11,"14":11,"15":12,"17":11,"18":11,"19":2,"20":13,"21":1,"22":26,"23":26,"24":26,"25":26,"26":26,"27":24,"28":24,"29":24,"30":24,"31":24,"33":24,"34":24,"35":24,"36":24,"37":23,"38":23,"39":0,"40":23,"41":24,"42":1,"43":1,"44":24,"45":26,"46":26,"47":1,"48":18,"49":18,"50":18,"51":1,"52":22,"53":22,"54":21,"55":21,"56":27,"57":19,"58":19,"59":19,"60":27,"61":21,"62":22,"63":22,"64":1,"65":19,"66":19,"67":8,"68":0,"69":0,"71":19,"72":1,"73":1,"74":1,"75":1,"76":25,"77":25,"78":25,"79":22,"80":19,"81":19,"82":19,"83":17,"84":8,"85":25,"86":1,"87":0,"88":0,"89":0,"90":0,"91":1,"92":25,"93":11,"94":14,"95":4,"96":10,"97":25,"102":1,"103":13,"104":13,"105":13,"106":0,"108":13,"109":1},"branchMap":{"0":{"type":"branch","line":10,"loc":{"start":{"line":10,"column":9},"end":{"line":21,"column":2}},"locations":[{"start":{"line":10,"column":9},"end":{"line":21,"column":2}}]},"1":{"type":"branch","line":12,"loc":{"start":{"line":12,"column":29},"end":{"line":19,"column":8}},"locations":[{"start":{"line":12,"column":29},"end":{"line":19,"column":8}}]},"2":{"type":"branch","line":15,"loc":{"start":{"line":15,"column":4},"end":{"line":18,"column":50}},"locations":[{"start":{"line":15,"column":4},"end":{"line":18,"column":50}}]},"3":{"type":"branch","line":16,"loc":{"start":{"line":16,"column":5},"end":{"line":16,"column":52}},"locations":[{"start":{"line":16,"column":5},"end":{"line":16,"column":52}}]},"4":{"type":"branch","line":16,"loc":{"start":{"line":16,"column":51},"end":{"line":18,"column":50}},"locations":[{"start":{"line":16,"column":51},"end":{"line":18,"column":50}}]},"5":{"type":"branch","line":19,"loc":{"start":{"line":19,"column":2},"end":{"line":20,"column":30}},"locations":[{"start":{"line":19,"column":2},"end":{"line":20,"column":30}}]},"6":{"type":"branch","line":22,"loc":{"start":{"line":22,"column":1},"end":{"line":47,"column":2}},"locations":[{"start":{"line":22,"column":1},"end":{"line":47,"column":2}}]},"7":{"type":"branch","line":25,"loc":{"start":{"line":25,"column":19},"end":{"line":25,"column":32}},"locations":[{"start":{"line":25,"column":19},"end":{"line":25,"column":32}}]},"8":{"type":"branch","line":27,"loc":{"start":{"line":27,"column":6},"end":{"line":27,"column":40}},"locations":[{"start":{"line":27,"column":6},"end":{"line":27,"column":40}}]},"9":{"type":"branch","line":27,"loc":{"start":{"line":27,"column":40},"end":{"line":45,"column":3}},"locations":[{"start":{"line":27,"column":40},"end":{"line":45,"column":3}}]},"10":{"type":"branch","line":29,"loc":{"start":{"line":29,"column":65},"end":{"line":29,"column":82}},"locations":[{"start":{"line":29,"column":65},"end":{"line":29,"column":82}}]},"11":{"type":"branch","line":29,"loc":{"start":{"line":29,"column":69},"end":{"line":29,"column":87}},"locations":[{"start":{"line":29,"column":69},"end":{"line":29,"column":87}}]},"12":{"type":"branch","line":34,"loc":{"start":{"line":34,"column":16},"end":{"line":34,"column":51}},"locations":[{"start":{"line":34,"column":16},"end":{"line":34,"column":51}}]},"13":{"type":"branch","line":35,"loc":{"start":{"line":35,"column":5},"end":{"line":35,"column":49}},"locations":[{"start":{"line":35,"column":5},"end":{"line":35,"column":49}}]},"14":{"type":"branch","line":35,"loc":{"start":{"line":35,"column":48},"end":{"line":36,"column":23}},"locations":[{"start":{"line":35,"column":48},"end":{"line":36,"column":23}}]},"15":{"type":"branch","line":36,"loc":{"start":{"line":36,"column":16},"end":{"line":36,"column":51}},"locations":[{"start":{"line":36,"column":16},"end":{"line":36,"column":51}}]},"16":{"type":"branch","line":37,"loc":{"start":{"line":37,"column":5},"end":{"line":37,"column":49}},"locations":[{"start":{"line":37,"column":5},"end":{"line":37,"column":49}}]},"17":{"type":"branch","line":37,"loc":{"start":{"line":37,"column":48},"end":{"line":39,"column":21}},"locations":[{"start":{"line":37,"column":48},"end":{"line":39,"column":21}}]},"18":{"type":"branch","line":39,"loc":{"start":{"line":39,"column":14},"end":{"line":40,"column":16}},"locations":[{"start":{"line":39,"column":14},"end":{"line":40,"column":16}}]},"19":{"type":"branch","line":40,"loc":{"start":{"line":40,"column":7},"end":{"line":41,"column":113}},"locations":[{"start":{"line":40,"column":7},"end":{"line":41,"column":113}}]},"20":{"type":"branch","line":41,"loc":{"start":{"line":41,"column":47},"end":{"line":41,"column":56}},"locations":[{"start":{"line":41,"column":47},"end":{"line":41,"column":56}}]},"21":{"type":"branch","line":41,"loc":{"start":{"line":41,"column":103},"end":{"line":41,"column":110}},"locations":[{"start":{"line":41,"column":103},"end":{"line":41,"column":110}}]},"22":{"type":"branch","line":42,"loc":{"start":{"line":42,"column":3},"end":{"line":44,"column":4}},"locations":[{"start":{"line":42,"column":3},"end":{"line":44,"column":4}}]},"23":{"type":"branch","line":48,"loc":{"start":{"line":48,"column":1},"end":{"line":51,"column":2}},"locations":[{"start":{"line":48,"column":1},"end":{"line":51,"column":2}}]},"24":{"type":"branch","line":49,"loc":{"start":{"line":49,"column":53},"end":{"line":49,"column":89}},"locations":[{"start":{"line":49,"column":53},"end":{"line":49,"column":89}}]},"25":{"type":"branch","line":52,"loc":{"start":{"line":52,"column":1},"end":{"line":64,"column":2}},"locations":[{"start":{"line":52,"column":1},"end":{"line":64,"column":2}}]},"26":{"type":"branch","line":54,"loc":{"start":{"line":54,"column":23},"end":{"line":62,"column":3}},"locations":[{"start":{"line":54,"column":23},"end":{"line":62,"column":3}}]},"27":{"type":"branch","line":55,"loc":{"start":{"line":55,"column":48},"end":{"line":55,"column":55}},"locations":[{"start":{"line":55,"column":48},"end":{"line":55,"column":55}}]},"28":{"type":"branch","line":56,"loc":{"start":{"line":56,"column":46},"end":{"line":61,"column":4}},"locations":[{"start":{"line":56,"column":46},"end":{"line":61,"column":4}}]},"29":{"type":"branch","line":57,"loc":{"start":{"line":57,"column":85},"end":{"line":60,"column":5}},"locations":[{"start":{"line":57,"column":85},"end":{"line":60,"column":5}}]},"30":{"type":"branch","line":65,"loc":{"start":{"line":65,"column":9},"end":{"line":72,"column":2}},"locations":[{"start":{"line":65,"column":9},"end":{"line":72,"column":2}}]},"31":{"type":"branch","line":67,"loc":{"start":{"line":67,"column":15},"end":{"line":68,"column":25}},"locations":[{"start":{"line":67,"column":15},"end":{"line":68,"column":25}}]},"32":{"type":"branch","line":68,"loc":{"start":{"line":68,"column":21},"end":{"line":69,"column":71}},"locations":[{"start":{"line":68,"column":21},"end":{"line":69,"column":71}}]},"33":{"type":"branch","line":69,"loc":{"start":{"line":69,"column":66},"end":{"line":70,"column":79}},"locations":[{"start":{"line":69,"column":66},"end":{"line":70,"column":79}}]},"34":{"type":"branch","line":73,"loc":{"start":{"line":73,"column":1},"end":{"line":75,"column":2}},"locations":[{"start":{"line":73,"column":1},"end":{"line":75,"column":2}}]},"35":{"type":"branch","line":76,"loc":{"start":{"line":76,"column":1},"end":{"line":86,"column":2}},"locations":[{"start":{"line":76,"column":1},"end":{"line":86,"column":2}}]},"36":{"type":"branch","line":79,"loc":{"start":{"line":79,"column":9},"end":{"line":80,"column":68}},"locations":[{"start":{"line":79,"column":9},"end":{"line":80,"column":68}}]},"37":{"type":"branch","line":80,"loc":{"start":{"line":80,"column":63},"end":{"line":81,"column":56}},"locations":[{"start":{"line":80,"column":63},"end":{"line":81,"column":56}}]},"38":{"type":"branch","line":81,"loc":{"start":{"line":81,"column":52},"end":{"line":82,"column":69}},"locations":[{"start":{"line":81,"column":52},"end":{"line":82,"column":69}}]},"39":{"type":"branch","line":82,"loc":{"start":{"line":82,"column":27},"end":{"line":82,"column":69}},"locations":[{"start":{"line":82,"column":27},"end":{"line":82,"column":69}}]},"40":{"type":"branch","line":82,"loc":{"start":{"line":82,"column":62},"end":{"line":83,"column":107}},"locations":[{"start":{"line":82,"column":62},"end":{"line":83,"column":107}}]},"41":{"type":"branch","line":83,"loc":{"start":{"line":83,"column":69},"end":{"line":83,"column":107}},"locations":[{"start":{"line":83,"column":69},"end":{"line":83,"column":107}}]},"42":{"type":"branch","line":83,"loc":{"start":{"line":83,"column":104},"end":{"line":84,"column":42}},"locations":[{"start":{"line":83,"column":104},"end":{"line":84,"column":42}}]},"43":{"type":"branch","line":84,"loc":{"start":{"line":84,"column":41},"end":{"line":85,"column":14}},"locations":[{"start":{"line":84,"column":41},"end":{"line":85,"column":14}}]},"44":{"type":"branch","line":92,"loc":{"start":{"line":92,"column":1},"end":{"line":98,"column":2}},"locations":[{"start":{"line":92,"column":1},"end":{"line":98,"column":2}}]},"45":{"type":"branch","line":93,"loc":{"start":{"line":93,"column":31},"end":{"line":94,"column":34}},"locations":[{"start":{"line":93,"column":31},"end":{"line":94,"column":34}}]},"46":{"type":"branch","line":94,"loc":{"start":{"line":94,"column":33},"end":{"line":97,"column":52}},"locations":[{"start":{"line":94,"column":33},"end":{"line":97,"column":52}}]},"47":{"type":"branch","line":95,"loc":{"start":{"line":95,"column":34},"end":{"line":96,"column":23}},"locations":[{"start":{"line":95,"column":34},"end":{"line":96,"column":23}}]},"48":{"type":"branch","line":96,"loc":{"start":{"line":96,"column":14},"end":{"line":97,"column":52}},"locations":[{"start":{"line":96,"column":14},"end":{"line":97,"column":52}}]},"49":{"type":"branch","line":103,"loc":{"start":{"line":103,"column":8},"end":{"line":109,"column":2}},"locations":[{"start":{"line":103,"column":8},"end":{"line":109,"column":2}}]},"50":{"type":"branch","line":105,"loc":{"start":{"line":105,"column":26},"end":{"line":105,"column":60}},"locations":[{"start":{"line":105,"column":26},"end":{"line":105,"column":60}}]},"51":{"type":"branch","line":106,"loc":{"start":{"line":106,"column":64},"end":{"line":107,"column":12}},"locations":[{"start":{"line":106,"column":64},"end":{"line":107,"column":12}}]},"52":{"type":"branch","line":105,"loc":{"start":{"line":105,"column":47},"end":{"line":105,"column":55}},"locations":[{"start":{"line":105,"column":47},"end":{"line":105,"column":55}}]},"53":{"type":"branch","line":106,"loc":{"start":{"line":106,"column":39},"end":{"line":106,"column":47}},"locations":[{"start":{"line":106,"column":39},"end":{"line":106,"column":47}}]}},"b":{"0":[13],"1":[11],"2":[12],"3":[1],"4":[11],"5":[2],"6":[26],"7":[25],"8":[25],"9":[24],"10":[2],"11":[22],"12":[23],"13":[8],"14":[23],"15":[3],"16":[0],"17":[23],"18":[0],"19":[23],"20":[0],"21":[0],"22":[1],"23":[18],"24":[5],"25":[22],"26":[21],"27":[1],"28":[27],"29":[19],"30":[19],"31":[8],"32":[0],"33":[0],"34":[1],"35":[25],"36":[22],"37":[19],"38":[19],"39":[2],"40":[19],"41":[2],"42":[17],"43":[8],"44":[25],"45":[11],"46":[14],"47":[4],"48":[10],"49":[13],"50":[11],"51":[0],"52":[11],"53":[12]},"fnMap":{"0":{"name":"Verifier","decl":{"start":{"line":10,"column":9},"end":{"line":21,"column":2}},"loc":{"start":{"line":10,"column":9},"end":{"line":21,"column":2}},"line":10},"1":{"name":"decode","decl":{"start":{"line":22,"column":1},"end":{"line":47,"column":2}},"loc":{"start":{"line":22,"column":1},"end":{"line":47,"column":2}},"line":22},"2":{"name":"transform","decl":{"start":{"line":48,"column":1},"end":{"line":51,"column":2}},"loc":{"start":{"line":48,"column":1},"end":{"line":51,"column":2}},"line":48},"3":{"name":"verifySignature","decl":{"start":{"line":52,"column":1},"end":{"line":64,"column":2}},"loc":{"start":{"line":52,"column":1},"end":{"line":64,"column":2}},"line":52},"4":{"name":"verifyAudience","decl":{"start":{"line":65,"column":9},"end":{"line":72,"column":2}},"loc":{"start":{"line":65,"column":9},"end":{"line":72,"column":2}},"line":65},"5":{"name":"unpack","decl":{"start":{"line":73,"column":1},"end":{"line":75,"column":2}},"loc":{"start":{"line":73,"column":1},"end":{"line":75,"column":2}},"line":73},"6":{"name":"verify","decl":{"start":{"line":76,"column":1},"end":{"line":86,"column":2}},"loc":{"start":{"line":76,"column":1},"end":{"line":86,"column":2}},"line":76},"7":{"name":"authenticate","decl":{"start":{"line":87,"column":1},"end":{"line":91,"column":2}},"loc":{"start":{"line":87,"column":1},"end":{"line":91,"column":2}},"line":87},"8":{"name":"get now","decl":{"start":{"line":92,"column":1},"end":{"line":98,"column":2}},"loc":{"start":{"line":92,"column":1},"end":{"line":98,"column":2}},"line":92},"9":{"name":"create","decl":{"start":{"line":103,"column":8},"end":{"line":109,"column":2}},"loc":{"start":{"line":103,"column":8},"end":{"line":109,"column":2}},"line":103}},"f":{"0":13,"1":26,"2":18,"3":22,"4":19,"5":1,"6":25,"7":0,"8":25,"9":13}}
,"/home/smika/versioned/utily/authly/index.ts": {"path":"/home/smika/versioned/utily/authly/index.ts","all":false,"statementMap":{"0":{"start":{"line":1,"column":0},"end":{"line":1,"column":15}},"9":{"start":{"line":10,"column":0},"end":{"line":10,"column":25}},"10":{"start":{"line":11,"column":0},"end":{"line":11,"column":34}},"11":{"start":{"line":12,"column":0},"end":{"line":12,"column":42}},"12":{"start":{"line":13,"column":0},"end":{"line":13,"column":36}},"13":{"start":{"line":14,"column":0},"end":{"line":14,"column":38}},"14":{"start":{"line":15,"column":0},"end":{"line":15,"column":40}},"15":{"start":{"line":16,"column":0},"end":{"line":16,"column":34}},"16":{"start":{"line":17,"column":0},"end":{"line":17,"column":40}}},"s":{"0":1,"9":1,"10":7,"11":7,"12":7,"13":7,"14":7,"15":7,"16":7},"branchMap":{"0":{"type":"branch","line":10,"loc":{"start":{"line":10,"column":7},"end":{"line":17,"column":40}},"locations":[{"start":{"line":10,"column":7},"end":{"line":17,"column":40}}]}},"b":{"0":[7]},"fnMap":{},"f":{}}
,"/home/smika/versioned/utily/authly/Algorithm/index.ts": {"path":"/home/smika/versioned/utily/authly/Algorithm/index.ts","all":false,"statementMap":{"0":{"start":{"line":1,"column":0},"end":{"line":1,"column":33}},"4":{"start":{"line":5,"column":0},"end":{"line":5,"column":24}},"11":{"start":{"line":12,"column":0},"end":{"line":12,"column":94}},"15":{"start":{"line":16,"column":0},"end":{"line":16,"column":70}},"16":{"start":{"line":17,"column":0},"end":{"line":17,"column":82}},"17":{"start":{"line":18,"column":0},"end":{"line":18,"column":2}},"18":{"start":{"line":19,"column":0},"end":{"line":19,"column":86}},"19":{"start":{"line":20,"column":0},"end":{"line":20,"column":44}},"20":{"start":{"line":21,"column":0},"end":{"line":21,"column":2}},"30":{"start":{"line":31,"column":0},"end":{"line":31,"column":94}},"31":{"start":{"line":32,"column":0},"end":{"line":32,"column":40}},"32":{"start":{"line":33,"column":0},"end":{"line":33,"column":17}},"33":{"start":{"line":34,"column":0},"end":{"line":34,"column":16}},"34":{"start":{"line":35,"column":0},"end":{"line":35,"column":72}},"35":{"start":{"line":36,"column":0},"end":{"line":36,"column":9}},"36":{"start":{"line":37,"column":0},"end":{"line":37,"column":16}},"37":{"start":{"line":38,"column":0},"end":{"line":38,"column":72}},"38":{"start":{"line":39,"column":0},"end":{"line":39,"column":9}},"39":{"start":{"line":40,"column":0},"end":{"line":40,"column":16}},"40":{"start":{"line":41,"column":0},"end":{"line":41,"column":72}},"41":{"start":{"line":42,"column":0},"end":{"line":42,"column":9}},"42":{"start":{"line":43,"column":0},"end":{"line":43,"column":16}},"43":{"start":{"line":44,"column":0},"end":{"line":44,"column":74}},"44":{"start":{"line":45,"column":0},"end":{"line":45,"column":9}},"45":{"start":{"line":46,"column":0},"end":{"line":46,"column":16}},"46":{"start":{"line":47,"column":0},"end":{"line":47,"column":74}},"47":{"start":{"line":48,"column":0},"end":{"line":48,"column":9}},"48":{"start":{"line":49,"column":0},"end":{"line":49,"column":16}},"49":{"start":{"line":50,"column":0},"end":{"line":50,"column":74}},"50":{"start":{"line":51,"column":0},"end":{"line":51,"column":9}},"51":{"start":{"line":52,"column":0},"end":{"line":52,"column":16}},"52":{"start":{"line":53,"column":0},"end":{"line":53,"column":62}},"53":{"start":{"line":54,"column":0},"end":{"line":54,"column":9}},"54":{"start":{"line":55,"column":0},"end":{"line":55,"column":16}},"55":{"start":{"line":56,"column":0},"end":{"line":56,"column":62}},"56":{"start":{"line":57,"column":0},"end":{"line":57,"column":9}},"57":{"start":{"line":58,"column":0},"end":{"line":58,"column":16}},"58":{"start":{"line":59,"column":0},"end":{"line":59,"column":62}},"59":{"start":{"line":60,"column":0},"end":{"line":60,"column":9}},"60":{"start":{"line":61,"column":0},"end":{"line":61,"column":16}},"61":{"start":{"line":62,"column":0},"end":{"line":62,"column":70}},"62":{"start":{"line":63,"column":0},"end":{"line":63,"column":9}},"63":{"start":{"line":64,"column":0},"end":{"line":64,"column":16}},"64":{"start":{"line":65,"column":0},"end":{"line":65,"column":70}},"65":{"start":{"line":66,"column":0},"end":{"line":66,"column":9}},"66":{"start":{"line":67,"column":0},"end":{"line":67,"column":16}},"67":{"start":{"line":68,"column":0},"end":{"line":68,"column":70}},"68":{"start":{"line":69,"column":0},"end":{"line":69,"column":9}},"69":{"start":{"line":70,"column":0},"end":{"line":70,"column":15}},"70":{"start":{"line":71,"column":0},"end":{"line":71,"column":42}},"71":{"start":{"line":72,"column":0},"end":{"line":72,"column":9}},"72":{"start":{"line":73,"column":0},"end":{"line":73,"column":3}},"73":{"start":{"line":74,"column":0},"end":{"line":74,"column":46}},"74":{"start":{"line":75,"column":0},"end":{"line":75,"column":2}},"75":{"start":{"line":76,"column":0},"end":{"line":76,"column":39}},"76":{"start":{"line":77,"column":0},"end":{"line":77,"column":33}},"77":{"start":{"line":78,"column":0},"end":{"line":78,"column":2}},"80":{"start":{"line":81,"column":0},"end":{"line":81,"column":76}},"81":{"start":{"line":82,"column":0},"end":{"line":82,"column":39}},"82":{"start":{"line":83,"column":0},"end":{"line":83,"column":2}},"85":{"start":{"line":86,"column":0},"end":{"line":86,"column":76}},"86":{"start":{"line":87,"column":0},"end":{"line":87,"column":39}},"87":{"start":{"line":88,"column":0},"end":{"line":88,"column":2}},"90":{"start":{"line":91,"column":0},"end":{"line":91,"column":76}},"91":{"start":{"line":92,"column":0},"end":{"line":92,"column":39}},"92":{"start":{"line":93,"column":0},"end":{"line":93,"column":2}},"94":{"start":{"line":95,"column":0},"end":{"line":95,"column":14}},"95":{"start":{"line":96,"column":0},"end":{"line":96,"column":45}},"96":{"start":{"line":97,"column":0},"end":{"line":97,"column":46}},"97":{"start":{"line":98,"column":0},"end":{"line":98,"column":27}},"98":{"start":{"line":99,"column":0},"end":{"line":99,"column":57}},"99":{"start":{"line":100,"column":0},"end":{"line":100,"column":2}},"100":{"start":{"line":101,"column":0},"end":{"line":101,"column":14}},"101":{"start":{"line":102,"column":0},"end":{"line":102,"column":45}},"102":{"start":{"line":103,"column":0},"end":{"line":103,"column":46}},"103":{"start":{"line":104,"column":0},"end":{"line":104,"column":27}},"104":{"start":{"line":105,"column":0},"end":{"line":105,"column":57}},"105":{"start":{"line":106,"column":0},"end":{"line":106,"column":2}},"106":{"start":{"line":107,"column":0},"end":{"line":107,"column":14}},"107":{"start":{"line":108,"column":0},"end":{"line":108,"column":45}},"108":{"start":{"line":109,"column":0},"end":{"line":109,"column":46}},"109":{"start":{"line":110,"column":0},"end":{"line":110,"column":27}},"110":{"start":{"line":111,"column":0},"end":{"line":111,"column":57}},"111":{"start":{"line":112,"column":0},"end":{"line":112,"column":2}},"112":{"start":{"line":113,"column":0},"end":{"line":113,"column":14}},"113":{"start":{"line":114,"column":0},"end":{"line":114,"column":45}},"114":{"start":{"line":115,"column":0},"end":{"line":115,"column":46}},"115":{"start":{"line":116,"column":0},"end":{"line":116,"column":27}},"116":{"start":{"line":117,"column":0},"end":{"line":117,"column":57}},"117":{"start":{"line":118,"column":0},"end":{"line":118,"column":2}},"118":{"start":{"line":119,"column":0},"end":{"line":119,"column":14}},"119":{"start":{"line":120,"column":0},"end":{"line":120,"column":45}},"120":{"start":{"line":121,"column":0},"end":{"line":121,"column":46}},"121":{"start":{"line":122,"column":0},"end":{"line":122,"column":27}},"122":{"start":{"line":123,"column":0},"end":{"line":123,"column":57}},"123":{"start":{"line":124,"column":0},"end":{"line":124,"column":2}},"124":{"start":{"line":125,"column":0},"end":{"line":125,"column":14}},"125":{"start":{"line":126,"column":0},"end":{"line":126,"column":45}},"126":{"start":{"line":127,"column":0},"end":{"line":127,"column":46}},"127":{"start":{"line":128,"column":0},"end":{"line":128,"column":27}},"128":{"start":{"line":129,"column":0},"end":{"line":129,"column":57}},"129":{"start":{"line":130,"column":0},"end":{"line":130,"column":2}},"130":{"start":{"line":131,"column":0},"end":{"line":131,"column":14}},"131":{"start":{"line":132,"column":0},"end":{"line":132,"column":45}},"132":{"start":{"line":133,"column":0},"end":{"line":133,"column":46}},"133":{"start":{"line":134,"column":0},"end":{"line":134,"column":27}},"134":{"start":{"line":135,"column":0},"end":{"line":135,"column":57}},"135":{"start":{"line":136,"column":0},"end":{"line":136,"column":2}},"136":{"start":{"line":137,"column":0},"end":{"line":137,"column":14}},"137":{"start":{"line":138,"column":0},"end":{"line":138,"column":45}},"138":{"start":{"line":139,"column":0},"end":{"line":139,"column":46}},"139":{"start":{"line":140,"column":0},"end":{"line":140,"column":27}},"140":{"start":{"line":141,"column":0},"end":{"line":141,"column":57}},"141":{"start":{"line":142,"column":0},"end":{"line":142,"column":2}},"142":{"start":{"line":143,"column":0},"end":{"line":143,"column":14}},"143":{"start":{"line":144,"column":0},"end":{"line":144,"column":45}},"144":{"start":{"line":145,"column":0},"end":{"line":145,"column":46}},"145":{"start":{"line":146,"column":0},"end":{"line":146,"column":27}},"146":{"start":{"line":147,"column":0},"end":{"line":147,"column":57}},"147":{"start":{"line":148,"column":0},"end":{"line":148,"column":2}},"148":{"start":{"line":149,"column":0},"end":{"line":149,"column":1}},"149":{"start":{"line":150,"column":0},"end":{"line":150,"column":28}},"150":{"start":{"line":151,"column":0},"end":{"line":151,"column":35}}},"s":{"0":1,"4":1,"11":1,"15":1,"16":18,"17":18,"18":1,"19":27,"20":27,"30":1,"31":17,"32":17,"33":17,"34":0,"35":0,"36":17,"37":0,"38":0,"39":17,"40":0,"41":0,"42":17,"43":0,"44":0,"45":17,"46":0,"47":0,"48":17,"49":0,"50":0,"51":17,"52":8,"53":8,"54":17,"55":0,"56":0,"57":17,"58":0,"59":0,"60":17,"61":4,"62":4,"63":17,"64":0,"65":0,"66":17,"67":0,"68":0,"69":17,"70":5,"71":5,"72":17,"73":17,"74":17,"75":1,"76":5,"77":5,"80":1,"81":8,"82":8,"85":1,"86":0,"87":0,"90":1,"91":0,"92":0,"94":1,"95":4,"96":4,"97":4,"98":4,"99":4,"100":1,"101":0,"102":0,"103":0,"104":0,"105":0,"106":1,"107":0,"108":0,"109":0,"110":0,"111":0,"112":1,"113":0,"114":0,"115":0,"116":0,"117":0,"118":1,"119":0,"120":0,"121":0,"122":0,"123":0,"124":1,"125":0,"126":0,"127":0,"128":0,"129":0,"130":1,"131":0,"132":0,"133":0,"134":0,"135":0,"136":1,"137":0,"138":0,"139":0,"140":0,"141":0,"142":1,"143":0,"144":0,"145":0,"146":0,"147":0,"148":1,"149":1,"150":7},"branchMap":{"0":{"type":"branch","line":151,"loc":{"start":{"line":151,"column":22},"end":{"line":151,"column":35}},"locations":[{"start":{"line":151,"column":22},"end":{"line":151,"column":35}}]},"1":{"type":"branch","line":12,"loc":{"start":{"line":12,"column":9},"end":{"line":12,"column":94}},"locations":[{"start":{"line":12,"column":9},"end":{"line":12,"column":94}}]},"2":{"type":"branch","line":16,"loc":{"start":{"line":16,"column":1},"end":{"line":18,"column":2}},"locations":[{"start":{"line":16,"column":1},"end":{"line":18,"column":2}}]},"3":{"type":"branch","line":17,"loc":{"start":{"line":17,"column":56},"end":{"line":17,"column":82}},"locations":[{"start":{"line":17,"column":56},"end":{"line":17,"column":82}}]},"4":{"type":"branch","line":19,"loc":{"start":{"line":19,"column":1},"end":{"line":21,"column":2}},"locations":[{"start":{"line":19,"column":1},"end":{"line":21,"column":2}}]},"5":{"type":"branch","line":31,"loc":{"start":{"line":31,"column":8},"end":{"line":75,"column":2}},"locations":[{"start":{"line":31,"column":8},"end":{"line":75,"column":2}}]},"6":{"type":"branch","line":34,"loc":{"start":{"line":34,"column":3},"end":{"line":36,"column":9}},"locations":[{"start":{"line":34,"column":3},"end":{"line":36,"column":9}}]},"7":{"type":"branch","line":37,"loc":{"start":{"line":37,"column":3},"end":{"line":39,"column":9}},"locations":[{"start":{"line":37,"column":3},"end":{"line":39,"column":9}}]},"8":{"type":"branch","line":40,"loc":{"start":{"line":40,"column":3},"end":{"line":42,"column":9}},"locations":[{"start":{"line":40,"column":3},"end":{"line":42,"column":9}}]},"9":{"type":"branch","line":43,"loc":{"start":{"line":43,"column":3},"end":{"line":45,"column":9}},"locations":[{"start":{"line":43,"column":3},"end":{"line":45,"column":9}}]},"10":{"type":"branch","line":46,"loc":{"start":{"line":46,"column":3},"end":{"line":48,"column":9}},"locations":[{"start":{"line":46,"column":3},"end":{"line":48,"column":9}}]},"11":{"type":"branch","line":49,"loc":{"start":{"line":49,"column":3},"end":{"line":51,"column":9}},"locations":[{"start":{"line":49,"column":3},"end":{"line":51,"column":9}}]},"12":{"type":"branch","line":52,"loc":{"start":{"line":52,"column":3},"end":{"line":54,"column":9}},"locations":[{"start":{"line":52,"column":3},"end":{"line":54,"column":9}}]},"13":{"type":"branch","line":55,"loc":{"start":{"line":55,"column":3},"end":{"line":57,"column":9}},"locations":[{"start":{"line":55,"column":3},"end":{"line":57,"column":9}}]},"14":{"type":"branch","line":58,"loc":{"start":{"line":58,"column":3},"end":{"line":60,"column":9}},"locations":[{"start":{"line":58,"column":3},"end":{"line":60,"column":9}}]},"15":{"type":"branch","line":61,"loc":{"start":{"line":61,"column":3},"end":{"line":63,"column":9}},"locations":[{"start":{"line":61,"column":3},"end":{"line":63,"column":9}}]},"16":{"type":"branch","line":64,"loc":{"start":{"line":64,"column":3},"end":{"line":66,"column":9}},"locations":[{"start":{"line":64,"column":3},"end":{"line":66,"column":9}}]},"17":{"type":"branch","line":67,"loc":{"start":{"line":67,"column":3},"end":{"line":69,"column":9}},"locations":[{"start":{"line":67,"column":3},"end":{"line":69,"column":9}}]},"18":{"type":"branch","line":70,"loc":{"start":{"line":70,"column":3},"end":{"line":72,"column":9}},"locations":[{"start":{"line":70,"column":3},"end":{"line":72,"column":9}}]},"19":{"type":"branch","line":76,"loc":{"start":{"line":76,"column":8},"end":{"line":78,"column":2}},"locations":[{"start":{"line":76,"column":8},"end":{"line":78,"column":2}}]},"20":{"type":"branch","line":81,"loc":{"start":{"line":81,"column":8},"end":{"line":83,"column":2}},"locations":[{"start":{"line":81,"column":8},"end":{"line":83,"column":2}}]},"21":{"type":"branch","line":95,"loc":{"start":{"line":95,"column":8},"end":{"line":100,"column":2}},"locations":[{"start":{"line":95,"column":8},"end":{"line":100,"column":2}}]},"22":{"type":"branch","line":150,"loc":{"start":{"line":150,"column":7},"end":{"line":151,"column":35}},"locations":[{"start":{"line":150,"column":7},"end":{"line":151,"column":35}}]}},"b":{"0":[0],"1":[17],"2":[18],"3":[0],"4":[27],"5":[17],"6":[0],"7":[0],"8":[0],"9":[0],"10":[0],"11":[0],"12":[8],"13":[0],"14":[0],"15":[4],"16":[0],"17":[0],"18":[5],"19":[5],"20":[8],"21":[4],"22":[7]},"fnMap":{"0":{"name":"Algorithm","decl":{"start":{"line":12,"column":9},"end":{"line":12,"column":94}},"loc":{"start":{"line":12,"column":9},"end":{"line":12,"column":94}},"line":12},"1":{"name":"sign","decl":{"start":{"line":16,"column":1},"end":{"line":18,"column":2}},"loc":{"start":{"line":16,"column":1},"end":{"line":18,"column":2}},"line":16},"2":{"name":"verify","decl":{"start":{"line":19,"column":1},"end":{"line":21,"column":2}},"loc":{"start":{"line":19,"column":1},"end":{"line":21,"column":2}},"line":19},"3":{"name":"create","decl":{"start":{"line":31,"column":8},"end":{"line":75,"column":2}},"loc":{"start":{"line":31,"column":8},"end":{"line":75,"column":2}},"line":31},"4":{"name":"none","decl":{"start":{"line":76,"column":8},"end":{"line":78,"column":2}},"loc":{"start":{"line":76,"column":8},"end":{"line":78,"column":2}},"line":76},"5":{"name":"HS256","decl":{"start":{"line":81,"column":8},"end":{"line":83,"column":2}},"loc":{"start":{"line":81,"column":8},"end":{"line":83,"column":2}},"line":81},"6":{"name":"HS384","decl":{"start":{"line":86,"column":8},"end":{"line":88,"column":2}},"loc":{"start":{"line":86,"column":8},"end":{"line":88,"column":2}},"line":86},"7":{"name":"HS512","decl":{"start":{"line":91,"column":8},"end":{"line":93,"column":2}},"loc":{"start":{"line":91,"column":8},"end":{"line":93,"column":2}},"line":91},"8":{"name":"RS256","decl":{"start":{"line":95,"column":8},"end":{"line":100,"column":2}},"loc":{"start":{"line":95,"column":8},"end":{"line":100,"column":2}},"line":95},"9":{"name":"RS384","decl":{"start":{"line":101,"column":8},"end":{"line":106,"column":2}},"loc":{"start":{"line":101,"column":8},"end":{"line":106,"column":2}},"line":101},"10":{"name":"RS512","decl":{"start":{"line":107,"column":8},"end":{"line":112,"column":2}},"loc":{"start":{"line":107,"column":8},"end":{"line":112,"column":2}},"line":107},"11":{"name":"ES256","decl":{"start":{"line":113,"column":8},"end":{"line":118,"column":2}},"loc":{"start":{"line":113,"column":8},"end":{"line":118,"column":2}},"line":113},"12":{"name":"ES384","decl":{"start":{"line":119,"column":8},"end":{"line":124,"column":2}},"loc":{"start":{"line":119,"column":8},"end":{"line":124,"column":2}},"line":119},"13":{"name":"ES512","decl":{"start":{"line":125,"column":8},"end":{"line":130,"column":2}},"loc":{"start":{"line":125,"column":8},"end":{"line":130,"column":2}},"line":125},"14":{"name":"PS256","decl":{"start":{"line":131,"column":8},"end":{"line":136,"column":2}},"loc":{"start":{"line":131,"column":8},"end":{"line":136,"column":2}},"line":131},"15":{"name":"PS384","decl":{"start":{"line":137,"column":8},"end":{"line":142,"column":2}},"loc":{"start":{"line":137,"column":8},"end":{"line":142,"column":2}},"line":137},"16":{"name":"PS512","decl":{"start":{"line":143,"column":8},"end":{"line":148,"column":2}},"loc":{"start":{"line":143,"column":8},"end":{"line":148,"column":2}},"line":143}},"f":{"0":17,"1":18,"2":27,"3":17,"4":5,"5":8,"6":0,"7":0,"8":4,"9":0,"10":0,"11":0,"12":0,"13":0,"14":0,"15":0,"16":0}}
,"/home/smika/versioned/utily/authly/Algorithm/Name/Asymmetric.ts": {"path":"/home/smika/versioned/utily/authly/Algorithm/Name/Asymmetric.ts","all":false,"statementMap":{"0":{"start":{"line":1,"column":0},"end":{"line":1,"column":27}},"4":{"start":{"line":5,"column":0},"end":{"line":5,"column":29}},"5":{"start":{"line":6,"column":0},"end":{"line":6,"column":113}},"6":{"start":{"line":7,"column":0},"end":{"line":7,"column":100}},"7":{"start":{"line":8,"column":0},"end":{"line":8,"column":26}},"8":{"start":{"line":9,"column":0},"end":{"line":9,"column":30}}},"s":{"0":1,"4":1,"5":7,"6":7,"7":7,"8":7},"branchMap":{"0":{"type":"branch","line":5,"loc":{"start":{"line":5,"column":7},"end":{"line":9,"column":30}},"locations":[{"start":{"line":5,"column":7},"end":{"line":9,"column":30}}]}},"b":{"0":[7]},"fnMap":{},"f":{}}
,"/home/smika/versioned/utily/authly/Algorithm/Name/Symmetric.ts": {"path":"/home/smika/versioned/utily/authly/Algorithm/Name/Symmetric.ts","all":false,"statementMap":{"0":{"start":{"line":1,"column":0},"end":{"line":1,"column":27}},"3":{"start":{"line":4,"column":0},"end":{"line":4,"column":28}},"4":{"start":{"line":5,"column":0},"end":{"line":5,"column":59}},"5":{"start":{"line":6,"column":0},"end":{"line":6,"column":98}},"6":{"start":{"line":7,"column":0},"end":{"line":7,"column":26}},"7":{"start":{"line":8,"column":0},"end":{"line":8,"column":30}}},"s":{"0":1,"3":1,"4":7,"5":7,"6":7,"7":7},"branchMap":{"0":{"type":"branch","line":4,"loc":{"start":{"line":4,"column":7},"end":{"line":8,"column":30}},"locations":[{"start":{"line":4,"column":7},"end":{"line":8,"column":30}}]}},"b":{"0":[7]},"fnMap":{},"f":{}}
,"/home/smika/versioned/utily/authly/Algorithm/Name/index.ts": {"path":"/home/smika/versioned/utily/authly/Algorithm/Name/index.ts","all":false,"statementMap":{"0":{"start":{"line":1,"column":0},"end":{"line":1,"column":27}},"6":{"start":{"line":7,"column":0},"end":{"line":7,"column":23}},"7":{"start":{"line":8,"column":0},"end":{"line":8,"column":40}},"8":{"start":{"line":9,"column":0},"end":{"line":9,"column":42}},"9":{"start":{"line":10,"column":0},"end":{"line":10,"column":38}},"10":{"start":{"line":11,"column":0},"end":{"line":11,"column":26}},"11":{"start":{"line":12,"column":0},"end":{"line":12,"column":103}},"12":{"start":{"line":13,"column":0},"end":{"line":13,"column":2}},"13":{"start":{"line":14,"column":0},"end":{"line":14,"column":26}},"14":{"start":{"line":15,"column":0},"end":{"line":15,"column":30}}},"s":{"0":1,"6":1,"7":7,"8":7,"9":7,"10":7,"11":7,"12":7,"13":7,"14":7},"branchMap":{"0":{"type":"branch","line":7,"loc":{"start":{"line":7,"column":7},"end":{"line":15,"column":30}},"locations":[{"start":{"line":7,"column":7},"end":{"line":15,"column":30}}]}},"b":{"0":[7]},"fnMap":{},"f":{}}
,"/home/smika/versioned/utily/authly/Property/Configuration.ts": {"path":"/home/smika/versioned/utily/authly/Property/Configuration.ts","all":false,"statementMap":{"0":{"start":{"line":1,"column":0},"end":{"line":1,"column":27}},"7":{"start":{"line":8,"column":0},"end":{"line":8,"column":32}},"8":{"start":{"line":9,"column":0},"end":{"line":9,"column":47}},"9":{"start":{"line":10,"column":0},"end":{"line":10,"column":34}},"10":{"start":{"line":11,"column":0},"end":{"line":11,"column":98}},"11":{"start":{"line":12,"column":0},"end":{"line":12,"column":32}},"12":{"start":{"line":13,"column":0},"end":{"line":13,"column":29}},"13":{"start":{"line":14,"column":0},"end":{"line":14,"column":29}},"14":{"start":{"line":15,"column":0},"end":{"line":15,"column":3}},"15":{"start":{"line":16,"column":0},"end":{"line":16,"column":2}},"16":{"start":{"line":17,"column":0},"end":{"line":17,"column":26}},"17":{"start":{"line":18,"column":0},"end":{"line":18,"column":30}}},"s":{"0":1,"7":1,"8":7,"9":7,"10":7,"11":7,"12":7,"13":7,"14":7,"15":7,"16":7,"17":7},"branchMap":{"0":{"type":"branch","line":8,"loc":{"start":{"line":8,"column":7},"end":{"line":18,"column":30}},"locations":[{"start":{"line":8,"column":7},"end":{"line":18,"column":30}}]}},"b":{"0":[7]},"fnMap":{},"f":{}}
,"/home/smika/versioned/utily/authly/Property/Transformer.ts": {"path":"/home/smika/versioned/utily/authly/Property/Transformer.ts","all":false,"statementMap":{"0":{"start":{"line":1,"column":0},"end":{"line":1,"column":27}},"7":{"start":{"line":8,"column":0},"end":{"line":8,"column":30}},"8":{"start":{"line":9,"column":0},"end":{"line":9,"column":46}},"9":{"start":{"line":10,"column":0},"end":{"line":10,"column":55}},"10":{"start":{"line":11,"column":0},"end":{"line":11,"column":31}},"11":{"start":{"line":12,"column":0},"end":{"line":12,"column":2}},"12":{"start":{"line":13,"column":0},"end":{"line":13,"column":26}},"13":{"start":{"line":14,"column":0},"end":{"line":14,"column":30}},"15":{"start":{"line":16,"column":0},"end":{"line":16,"column":78}},"16":{"start":{"line":17,"column":0},"end":{"line":17,"column":41}},"17":{"start":{"line":18,"column":0},"end":{"line":18,"column":23}},"18":{"start":{"line":19,"column":0},"end":{"line":19,"column":10}},"19":{"start":{"line":20,"column":0},"end":{"line":20,"column":81}},"20":{"start":{"line":21,"column":0},"end":{"line":21,"column":87}},"21":{"start":{"line":22,"column":0},"end":{"line":22,"column":3}},"22":{"start":{"line":23,"column":0},"end":{"line":23,"column":2}}},"s":{"0":1,"7":1,"8":7,"9":7,"10":7,"11":7,"12":7,"13":7,"15":7,"16":0,"17":0,"18":0,"19":0,"20":0,"21":0,"22":0},"branchMap":{"0":{"type":"branch","line":8,"loc":{"start":{"line":8,"column":7},"end":{"line":16,"column":78}},"locations":[{"start":{"line":8,"column":7},"end":{"line":16,"column":78}}]}},"b":{"0":[7]},"fnMap":{"0":{"name":"create","decl":{"start":{"line":16,"column":8},"end":{"line":23,"column":2}},"loc":{"start":{"line":16,"column":8},"end":{"line":23,"column":2}},"line":16}},"f":{"0":0}}
,"/home/smika/versioned/utily/authly/Property/TypeGuard.ts": {"path":"/home/smika/versioned/utily/authly/Property/TypeGuard.ts","all":false,"statementMap":{"3":{"start":{"line":4,"column":0},"end":{"line":4,"column":50}},"5":{"start":{"line":6,"column":0},"end":{"line":6,"column":56}},"6":{"start":{"line":7,"column":0},"end":{"line":7,"column":14}},"7":{"start":{"line":8,"column":0},"end":{"line":8,"column":2}},"8":{"start":{"line":9,"column":0},"end":{"line":9,"column":59}},"9":{"start":{"line":10,"column":0},"end":{"line":10,"column":60}},"10":{"start":{"line":11,"column":0},"end":{"line":11,"column":2}},"11":{"start":{"line":12,"column":0},"end":{"line":12,"column":61}},"12":{"start":{"line":13,"column":0},"end":{"line":13,"column":60}},"13":{"start":{"line":14,"column":0},"end":{"line":14,"column":2}},"14":{"start":{"line":15,"column":0},"end":{"line":15,"column":1}}},"s":{"3":1,"5":1,"6":0,"7":0,"8":1,"9":0,"10":0,"11":1,"12":0,"13":0,"14":1},"branchMap":{},"b":{},"fnMap":{"0":{"name":"TypeGuard","decl":{"start":{"line":6,"column":1},"end":{"line":8,"column":2}},"loc":{"start":{"line":6,"column":1},"end":{"line":8,"column":2}},"line":6},"1":{"name":"apply","decl":{"start":{"line":9,"column":1},"end":{"line":11,"column":2}},"loc":{"start":{"line":9,"column":1},"end":{"line":11,"column":2}},"line":9},"2":{"name":"reverse","decl":{"start":{"line":12,"column":1},"end":{"line":14,"column":2}},"loc":{"start":{"line":12,"column":1},"end":{"line":14,"column":2}},"line":12}},"f":{"0":0,"1":0,"2":0}}
,"/home/smika/versioned/utily/authly/Property/index.ts": {"path":"/home/smika/versioned/utily/authly/Property/index.ts","all":false,"statementMap":{"0":{"start":{"line":1,"column":0},"end":{"line":1,"column":47}}},"s":{"0":1},"branchMap":{},"b":{},"fnMap":{},"f":{}}
,"/home/smika/versioned/utily/authly/Property/Converter/Configuration.ts": {"path":"/home/smika/versioned/utily/authly/Property/Converter/Configuration.ts","all":false,"statementMap":{"0":{"start":{"line":1,"column":0},"end":{"line":1,"column":27}},"34":{"start":{"line":35,"column":0},"end":{"line":35,"column":32}},"35":{"start":{"line":36,"column":0},"end":{"line":36,"column":81}},"36":{"start":{"line":37,"column":0},"end":{"line":37,"column":47}},"37":{"start":{"line":38,"column":0},"end":{"line":38,"column":29}},"38":{"start":{"line":39,"column":0},"end":{"line":39,"column":17}},"39":{"start":{"line":40,"column":0},"end":{"line":40,"column":7}},"40":{"start":{"line":41,"column":0},"end":{"line":41,"column":89}},"41":{"start":{"line":42,"column":0},"end":{"line":42,"column":59}},"42":{"start":{"line":43,"column":0},"end":{"line":43,"column":59}},"43":{"start":{"line":44,"column":0},"end":{"line":44,"column":6}},"44":{"start":{"line":45,"column":0},"end":{"line":45,"column":15}},"45":{"start":{"line":46,"column":0},"end":{"line":46,"column":3}},"46":{"start":{"line":47,"column":0},"end":{"line":47,"column":2}},"47":{"start":{"line":48,"column":0},"end":{"line":48,"column":26}},"48":{"start":{"line":49,"column":0},"end":{"line":49,"column":30}}},"s":{"0":1,"34":1,"35":7,"36":7,"37":7,"38":7,"39":7,"40":7,"41":7,"42":7,"43":7,"44":7,"45":7,"46":7,"47":7,"48":7},"branchMap":{"0":{"type":"branch","line":35,"loc":{"start":{"line":35,"column":7},"end":{"line":49,"column":30}},"locations":[{"start":{"line":35,"column":7},"end":{"line":49,"column":30}}]}},"b":{"0":[7]},"fnMap":{},"f":{}}
,"/home/smika/versioned/utily/authly/Property/Converter/index.ts": {"path":"/home/smika/versioned/utily/authly/Property/Converter/index.ts","all":false,"statementMap":{"0":{"start":{"line":1,"column":0},"end":{"line":1,"column":29}},"4":{"start":{"line":5,"column":0},"end":{"line":5,"column":114}},"5":{"start":{"line":6,"column":0},"end":{"line":6,"column":69}},"7":{"start":{"line":8,"column":0},"end":{"line":8,"column":62}},"8":{"start":{"line":9,"column":0},"end":{"line":9,"column":51}},"9":{"start":{"line":10,"column":0},"end":{"line":10,"column":2}},"10":{"start":{"line":11,"column":0},"end":{"line":11,"column":64}},"11":{"start":{"line":12,"column":0},"end":{"line":12,"column":51}},"12":{"start":{"line":13,"column":0},"end":{"line":13,"column":2}},"15":{"start":{"line":16,"column":0},"end":{"line":16,"column":104}},"16":{"start":{"line":17,"column":0},"end":{"line":17,"column":104}},"17":{"start":{"line":18,"column":0},"end":{"line":18,"column":104}},"18":{"start":{"line":19,"column":0},"end":{"line":19,"column":48}},"19":{"start":{"line":20,"column":0},"end":{"line":20,"column":2}},"20":{"start":{"line":21,"column":0},"end":{"line":21,"column":31}},"21":{"start":{"line":22,"column":0},"end":{"line":22,"column":19}},"22":{"start":{"line":23,"column":0},"end":{"line":23,"column":21}},"23":{"start":{"line":24,"column":0},"end":{"line":24,"column":99}},"24":{"start":{"line":25,"column":0},"end":{"line":25,"column":22}},"25":{"start":{"line":26,"column":0},"end":{"line":26,"column":31}},"26":{"start":{"line":27,"column":0},"end":{"line":27,"column":39}},"27":{"start":{"line":28,"column":0},"end":{"line":28,"column":24}},"28":{"start":{"line":29,"column":0},"end":{"line":29,"column":24}},"29":{"start":{"line":30,"column":0},"end":{"line":30,"column":79}},"30":{"start":{"line":31,"column":0},"end":{"line":31,"column":93}},"31":{"start":{"line":32,"column":0},"end":{"line":32,"column":15}},"32":{"start":{"line":33,"column":0},"end":{"line":33,"column":2}},"33":{"start":{"line":34,"column":0},"end":{"line":34,"column":1}},"34":{"start":{"line":35,"column":0},"end":{"line":35,"column":28}},"35":{"start":{"line":36,"column":0},"end":{"line":36,"column":53}},"36":{"start":{"line":37,"column":0},"end":{"line":37,"column":26}},"37":{"start":{"line":38,"column":0},"end":{"line":38,"column":76}},"38":{"start":{"line":39,"column":0},"end":{"line":39,"column":58}},"39":{"start":{"line":40,"column":0},"end":{"line":40,"column":2}}},"s":{"0":1,"4":1,"5":1,"7":1,"8":7,"9":7,"10":1,"11":5,"12":5,"15":1,"16":12,"17":35,"18":12,"19":12,"20":1,"21":43,"22":43,"23":43,"24":43,"25":43,"26":43,"27":43,"28":41,"29":33,"30":8,"31":43,"32":43,"33":1,"34":1,"35":7,"36":7,"37":7,"38":7,"39":7},"branchMap":{"0":{"type":"branch","line":40,"loc":{"start":{"line":40,"column":1},"end":{"line":40,"column":2}},"locations":[{"start":{"line":40,"column":1},"end":{"line":40,"column":2}}]},"1":{"type":"branch","line":6,"loc":{"start":{"line":6,"column":1},"end":{"line":6,"column":69}},"locations":[{"start":{"line":6,"column":1},"end":{"line":6,"column":69}}]},"2":{"type":"branch","line":8,"loc":{"start":{"line":8,"column":1},"end":{"line":10,"column":2}},"locations":[{"start":{"line":8,"column":1},"end":{"line":10,"column":2}}]},"3":{"type":"branch","line":11,"loc":{"start":{"line":11,"column":1},"end":{"line":13,"column":2}},"locations":[{"start":{"line":11,"column":1},"end":{"line":13,"column":2}}]},"4":{"type":"branch","line":16,"loc":{"start":{"line":16,"column":1},"end":{"line":20,"column":2}},"locations":[{"start":{"line":16,"column":1},"end":{"line":20,"column":2}}]},"5":{"type":"branch","line":17,"loc":{"start":{"line":17,"column":69},"end":{"line":19,"column":5}},"locations":[{"start":{"line":17,"column":69},"end":{"line":19,"column":5}}]},"6":{"type":"branch","line":21,"loc":{"start":{"line":21,"column":1},"end":{"line":33,"column":2}},"locations":[{"start":{"line":21,"column":1},"end":{"line":33,"column":2}}]},"7":{"type":"branch","line":28,"loc":{"start":{"line":28,"column":3},"end":{"line":31,"column":93}},"locations":[{"start":{"line":28,"column":3},"end":{"line":31,"column":93}}]},"8":{"type":"branch","line":29,"loc":{"start":{"line":29,"column":23},"end":{"line":30,"column":79}},"locations":[{"start":{"line":29,"column":23},"end":{"line":30,"column":79}}]},"9":{"type":"branch","line":30,"loc":{"start":{"line":30,"column":14},"end":{"line":30,"column":60}},"locations":[{"start":{"line":30,"column":14},"end":{"line":30,"column":60}}]},"10":{"type":"branch","line":30,"loc":{"start":{"line":30,"column":54},"end":{"line":30,"column":79}},"locations":[{"start":{"line":30,"column":54},"end":{"line":30,"column":79}}]},"11":{"type":"branch","line":30,"loc":{"start":{"line":30,"column":78},"end":{"line":31,"column":93}},"locations":[{"start":{"line":30,"column":78},"end":{"line":31,"column":93}}]},"12":{"type":"branch","line":35,"loc":{"start":{"line":35,"column":7},"end":{"line":40,"column":2}},"locations":[{"start":{"line":35,"column":7},"end":{"line":40,"column":2}}]}},"b":{"0":[0],"1":[7],"2":[7],"3":[5],"4":[12],"5":[35],"6":[43],"7":[41],"8":[33],"9":[31],"10":[2],"11":[8],"12":[7]},"fnMap":{"0":{"name":"Converter","decl":{"start":{"line":6,"column":1},"end":{"line":6,"column":69}},"loc":{"start":{"line":6,"column":1},"end":{"line":6,"column":69}},"line":6},"1":{"name":"apply","decl":{"start":{"line":8,"column":1},"end":{"line":10,"column":2}},"loc":{"start":{"line":8,"column":1},"end":{"line":10,"column":2}},"line":8},"2":{"name":"reverse","decl":{"start":{"line":11,"column":1},"end":{"line":13,"column":2}},"loc":{"start":{"line":11,"column":1},"end":{"line":13,"column":2}},"line":11},"3":{"name":"convert","decl":{"start":{"line":16,"column":1},"end":{"line":20,"column":2}},"loc":{"start":{"line":16,"column":1},"end":{"line":20,"column":2}},"line":16},"4":{"name":"Object.entries.reduce.Promise.resolve","decl":{"start":{"line":17,"column":69},"end":{"line":19,"column":5}},"loc":{"start":{"line":17,"column":69},"end":{"line":19,"column":5}},"line":17},"5":{"name":"convertProperty","decl":{"start":{"line":21,"column":1},"end":{"line":33,"column":2}},"loc":{"start":{"line":21,"column":1},"end":{"line":33,"column":2}},"line":21},"6":{"name":"encode","decl":{"start":{"line":38,"column":10},"end":{"line":38,"column":76}},"loc":{"start":{"line":38,"column":10},"end":{"line":38,"column":76}},"line":38},"7":{"name":"decode","decl":{"start":{"line":39,"column":10},"end":{"line":39,"column":58}},"loc":{"start":{"line":39,"column":10},"end":{"line":39,"column":58}},"line":39}},"f":{"0":7,"1":7,"2":5,"3":12,"4":35,"5":43,"6":0,"7":0}}
,"/home/smika/versioned/utily/authly/Property/Crypto/Configuration.ts": {"path":"/home/smika/versioned/utily/authly/Property/Crypto/Configuration.ts","all":false,"statementMap":{"0":{"start":{"line":1,"column":0},"end":{"line":1,"column":27}},"3":{"start":{"line":4,"column":0},"end":{"line":4,"column":32}},"4":{"start":{"line":5,"column":0},"end":{"line":5,"column":109}},"5":{"start":{"line":6,"column":0},"end":{"line":6,"column":26}},"6":{"start":{"line":7,"column":0},"end":{"line":7,"column":30}}},"s":{"0":1,"3":1,"4":7,"5":7,"6":7},"branchMap":{"0":{"type":"branch","line":4,"loc":{"start":{"line":4,"column":7},"end":{"line":7,"column":30}},"locations":[{"start":{"line":4,"column":7},"end":{"line":7,"column":30}}]}},"b":{"0":[7]},"fnMap":{},"f":{}}
,"/home/smika/versioned/utily/authly/Property/Crypto/index.ts": {"path":"/home/smika/versioned/utily/authly/Property/Crypto/index.ts","all":false,"statementMap":{"0":{"start":{"line":1,"column":0},"end":{"line":1,"column":33}},"5":{"start":{"line":6,"column":0},"end":{"line":6,"column":21}},"6":{"start":{"line":7,"column":0},"end":{"line":7,"column":47}},"7":{"start":{"line":8,"column":0},"end":{"line":8,"column":47}},"9":{"start":{"line":10,"column":0},"end":{"line":10,"column":71}},"10":{"start":{"line":11,"column":0},"end":{"line":11,"column":53}},"11":{"start":{"line":12,"column":0},"end":{"line":12,"column":2}},"12":{"start":{"line":13,"column":0},"end":{"line":13,"column":74}},"13":{"start":{"line":14,"column":0},"end":{"line":14,"column":10}},"14":{"start":{"line":15,"column":0},"end":{"line":15,"column":13}},"15":{"start":{"line":16,"column":0},"end":{"line":16,"column":16}},"16":{"start":{"line":17,"column":0},"end":{"line":17,"column":12}},"17":{"start":{"line":18,"column":0},"end":{"line":18,"column":56}},"18":{"start":{"line":19,"column":0},"end":{"line":19,"column":48}},"19":{"start":{"line":20,"column":0},"end":{"line":20,"column":4}},"21":{"start":{"line":22,"column":0},"end":{"line":22,"column":2}},"22":{"start":{"line":23,"column":0},"end":{"line":23,"column":76}},"23":{"start":{"line":24,"column":0},"end":{"line":24,"column":10}},"24":{"start":{"line":25,"column":0},"end":{"line":25,"column":13}},"25":{"start":{"line":26,"column":0},"end":{"line":26,"column":16}},"26":{"start":{"line":27,"column":0},"end":{"line":27,"column":12}},"27":{"start":{"line":28,"column":0},"end":{"line":28,"column":97}},"28":{"start":{"line":29,"column":0},"end":{"line":29,"column":51}},"29":{"start":{"line":30,"column":0},"end":{"line":30,"column":4}},"31":{"start":{"line":32,"column":0},"end":{"line":32,"column":2}},"32":{"start":{"line":33,"column":0},"end":{"line":33,"column":23}},"33":{"start":{"line":34,"column":0},"end":{"line":34,"column":19}},"34":{"start":{"line":35,"column":0},"end":{"line":35,"column":41}},"35":{"start":{"line":36,"column":0},"end":{"line":36,"column":41}},"36":{"start":{"line":37,"column":0},"end":{"line":37,"column":22}},"37":{"start":{"line":38,"column":0},"end":{"line":38,"column":56}},"38":{"start":{"line":39,"column":0},"end":{"line":39,"column":41}},"39":{"start":{"line":40,"column":0},"end":{"line":40,"column":112}},"40":{"start":{"line":41,"column":0},"end":{"line":41,"column":16}},"41":{"start":{"line":42,"column":0},"end":{"line":42,"column":2}},"42":{"start":{"line":43,"column":0},"end":{"line":43,"column":31}},"43":{"start":{"line":44,"column":0},"end":{"line":44,"column":19}},"44":{"start":{"line":45,"column":0},"end":{"line":45,"column":21}},"45":{"start":{"line":46,"column":0},"end":{"line":46,"column":17}},"46":{"start":{"line":47,"column":0},"end":{"line":47,"column":41}},"47":{"start":{"line":48,"column":0},"end":{"line":48,"column":41}},"48":{"start":{"line":49,"column":0},"end":{"line":49,"column":22}},"49":{"start":{"line":50,"column":0},"end":{"line":50,"column":31}},"50":{"start":{"line":51,"column":0},"end":{"line":51,"column":26}},"51":{"start":{"line":52,"column":0},"end":{"line":52,"column":30}},"52":{"start":{"line":53,"column":0},"end":{"line":53,"column":49}},"53":{"start":{"line":54,"column":0},"end":{"line":54,"column":89}},"54":{"start":{"line":55,"column":0},"end":{"line":55,"column":49}},"55":{"start":{"line":56,"column":0},"end":{"line":56,"column":53}},"56":{"start":{"line":57,"column":0},"end":{"line":57,"column":48}},"57":{"start":{"line":58,"column":0},"end":{"line":58,"column":48}},"58":{"start":{"line":59,"column":0},"end":{"line":59,"column":9}},"59":{"start":{"line":60,"column":0},"end":{"line":60,"column":53}},"60":{"start":{"line":61,"column":0},"end":{"line":61,"column":36}},"61":{"start":{"line":62,"column":0},"end":{"line":62,"column":23}},"62":{"start":{"line":63,"column":0},"end":{"line":63,"column":12}},"63":{"start":{"line":64,"column":0},"end":{"line":64,"column":16}},"64":{"start":{"line":65,"column":0},"end":{"line":65,"column":16}},"65":{"start":{"line":66,"column":0},"end":{"line":66,"column":5}},"66":{"start":{"line":67,"column":0},"end":{"line":67,"column":15}},"67":{"start":{"line":68,"column":0},"end":{"line":68,"column":2}},"70":{"start":{"line":71,"column":0},"end":{"line":71,"column":99}},"71":{"start":{"line":72,"column":0},"end":{"line":72,"column":80}},"72":{"start":{"line":73,"column":0},"end":{"line":73,"column":2}},"73":{"start":{"line":74,"column":0},"end":{"line":74,"column":1}},"74":{"start":{"line":75,"column":0},"end":{"line":75,"column":25}},"75":{"start":{"line":76,"column":0},"end":{"line":76,"column":50}}},"s":{"0":1,"5":1,"6":1,"7":1,"9":1,"10":5,"11":5,"12":1,"13":4,"14":4,"15":4,"16":4,"17":4,"18":4,"19":4,"21":4,"22":1,"23":4,"24":4,"25":4,"26":4,"27":4,"28":4,"29":4,"31":4,"32":1,"33":8,"34":8,"35":8,"36":8,"37":8,"38":8,"39":8,"40":8,"41":8,"42":1,"43":16,"44":16,"45":16,"46":16,"47":16,"48":16,"49":16,"50":16,"51":16,"52":10,"53":10,"54":10,"55":10,"56":10,"57":10,"58":10,"59":2,"60":2,"61":2,"62":2,"63":2,"64":2,"65":2,"66":16,"67":16,"70":1,"71":5,"72":5,"73":1,"74":1,"75":7},"branchMap":{"0":{"type":"branch","line":76,"loc":{"start":{"line":76,"column":31},"end":{"line":76,"column":50}},"locations":[{"start":{"line":76,"column":31},"end":{"line":76,"column":50}}]},"1":{"type":"branch","line":10,"loc":{"start":{"line":10,"column":9},"end":{"line":12,"column":2}},"locations":[{"start":{"line":10,"column":9},"end":{"line":12,"column":2}}]},"2":{"type":"branch","line":11,"loc":{"start":{"line":11,"column":35},"end":{"line":11,"column":52}},"locations":[{"start":{"line":11,"column":35},"end":{"line":11,"column":52}}]},"3":{"type":"branch","line":13,"loc":{"start":{"line":13,"column":1},"end":{"line":22,"column":2}},"locations":[{"start":{"line":13,"column":1},"end":{"line":22,"column":2}}]},"4":{"type":"branch","line":18,"loc":{"start":{"line":18,"column":4},"end":{"line":18,"column":56}},"locations":[{"start":{"line":18,"column":4},"end":{"line":18,"column":56}}]},"5":{"type":"branch","line":19,"loc":{"start":{"line":19,"column":4},"end":{"line":19,"column":48}},"locations":[{"start":{"line":19,"column":4},"end":{"line":19,"column":48}}]},"6":{"type":"branch","line":23,"loc":{"start":{"line":23,"column":1},"end":{"line":32,"column":2}},"locations":[{"start":{"line":23,"column":1},"end":{"line":32,"column":2}}]},"7":{"type":"branch","line":28,"loc":{"start":{"line":28,"column":4},"end":{"line":28,"column":97}},"locations":[{"start":{"line":28,"column":4},"end":{"line":28,"column":97}}]},"8":{"type":"branch","line":28,"loc":{"start":{"line":28,"column":75},"end":{"line":28,"column":97}},"locations":[{"start":{"line":28,"column":75},"end":{"line":28,"column":97}}]},"9":{"type":"branch","line":29,"loc":{"start":{"line":29,"column":4},"end":{"line":29,"column":51}},"locations":[{"start":{"line":29,"column":4},"end":{"line":29,"column":51}}]},"10":{"type":"branch","line":33,"loc":{"start":{"line":33,"column":1},"end":{"line":42,"column":2}},"locations":[{"start":{"line":33,"column":1},"end":{"line":42,"column":2}}]},"11":{"type":"branch","line":40,"loc":{"start":{"line":40,"column":3},"end":{"line":40,"column":112}},"locations":[{"start":{"line":40,"column":3},"end":{"line":40,"column":112}}]},"12":{"type":"branch","line":43,"loc":{"start":{"line":43,"column":1},"end":{"line":68,"column":2}},"locations":[{"start":{"line":43,"column":1},"end":{"line":68,"column":2}}]},"13":{"type":"branch","line":52,"loc":{"start":{"line":52,"column":3},"end":{"line":66,"column":5}},"locations":[{"start":{"line":52,"column":3},"end":{"line":66,"column":5}}]},"14":{"type":"branch","line":52,"loc":{"start":{"line":52,"column":29},"end":{"line":59,"column":9}},"locations":[{"start":{"line":52,"column":29},"end":{"line":59,"column":9}}]},"15":{"type":"branch","line":57,"loc":{"start":{"line":57,"column":5},"end":{"line":57,"column":48}},"locations":[{"start":{"line":57,"column":5},"end":{"line":57,"column":48}}]},"16":{"type":"branch","line":59,"loc":{"start":{"line":59,"column":3},"end":{"line":66,"column":5}},"locations":[{"start":{"line":59,"column":3},"end":{"line":66,"column":5}}]},"17":{"type":"branch","line":71,"loc":{"start":{"line":71,"column":8},"end":{"line":73,"column":2}},"locations":[{"start":{"line":71,"column":8},"end":{"line":73,"column":2}}]},"18":{"type":"branch","line":72,"loc":{"start":{"line":72,"column":50},"end":{"line":72,"column":80}},"locations":[{"start":{"line":72,"column":50},"end":{"line":72,"column":80}}]},"19":{"type":"branch","line":75,"loc":{"start":{"line":75,"column":7},"end":{"line":76,"column":50}},"locations":[{"start":{"line":75,"column":7},"end":{"line":76,"column":50}}]}},"b":{"0":[0],"1":[5],"2":[8],"3":[4],"4":[5],"5":[5],"6":[4],"7":[5],"8":[0],"9":[5],"10":[8],"11":[14],"12":[16],"13":[12],"14":[10],"15":[374],"16":[2],"17":[5],"18":[0],"19":[7]},"fnMap":{"0":{"name":"Crypto","decl":{"start":{"line":10,"column":9},"end":{"line":12,"column":2}},"loc":{"start":{"line":10,"column":9},"end":{"line":12,"column":2}},"line":10},"1":{"name":"apply","decl":{"start":{"line":13,"column":1},"end":{"line":22,"column":2}},"loc":{"start":{"line":13,"column":1},"end":{"line":22,"column":2}},"line":13},"2":{"name":"reverse","decl":{"start":{"line":23,"column":1},"end":{"line":32,"column":2}},"loc":{"start":{"line":23,"column":1},"end":{"line":32,"column":2}},"line":23},"3":{"name":"process","decl":{"start":{"line":33,"column":1},"end":{"line":42,"column":2}},"loc":{"start":{"line":33,"column":1},"end":{"line":42,"column":2}},"line":33},"4":{"name":"processProperty","decl":{"start":{"line":43,"column":1},"end":{"line":68,"column":2}},"loc":{"start":{"line":43,"column":1},"end":{"line":68,"column":2}},"line":43},"5":{"name":"create","decl":{"start":{"line":71,"column":8},"end":{"line":73,"column":2}},"loc":{"start":{"line":71,"column":8},"end":{"line":73,"column":2}},"line":71}},"f":{"0":5,"1":4,"2":4,"3":8,"4":16,"5":5}}
,"/home/smika/versioned/utily/authly/Property/Remover/index.ts": {"path":"/home/smika/versioned/utily/authly/Property/Remover/index.ts","all":false,"statementMap":{"2":{"start":{"line":3,"column":0},"end":{"line":3,"column":22}},"3":{"start":{"line":4,"column":0},"end":{"line":4,"column":52}},"5":{"start":{"line":6,"column":0},"end":{"line":6,"column":59}},"6":{"start":{"line":7,"column":0},"end":{"line":7,"column":44}},"7":{"start":{"line":8,"column":0},"end":{"line":8,"column":2}},"8":{"start":{"line":9,"column":0},"end":{"line":9,"column":61}},"9":{"start":{"line":10,"column":0},"end":{"line":10,"column":44}},"10":{"start":{"line":11,"column":0},"end":{"line":11,"column":2}},"12":{"start":{"line":13,"column":0},"end":{"line":13,"column":48}},"13":{"start":{"line":14,"column":0},"end":{"line":14,"column":29}},"14":{"start":{"line":15,"column":0},"end":{"line":15,"column":32}},"15":{"start":{"line":16,"column":0},"end":{"line":16,"column":44}},"16":{"start":{"line":17,"column":0},"end":{"line":17,"column":49}},"17":{"start":{"line":18,"column":0},"end":{"line":18,"column":4}},"18":{"start":{"line":19,"column":0},"end":{"line":19,"column":15}},"19":{"start":{"line":20,"column":0},"end":{"line":20,"column":2}},"20":{"start":{"line":21,"column":0},"end":{"line":21,"column":72}},"21":{"start":{"line":22,"column":0},"end":{"line":22,"column":31}},"22":{"start":{"line":23,"column":0},"end":{"line":23,"column":26}},"23":{"start":{"line":24,"column":0},"end":{"line":24,"column":28}},"24":{"start":{"line":25,"column":0},"end":{"line":25,"column":30}},"26":{"start":{"line":27,"column":0},"end":{"line":27,"column":96}},"27":{"start":{"line":28,"column":0},"end":{"line":28,"column":15}},"28":{"start":{"line":29,"column":0},"end":{"line":29,"column":2}},"29":{"start":{"line":30,"column":0},"end":{"line":30,"column":36}},"30":{"start":{"line":31,"column":0},"end":{"line":31,"column":65}},"31":{"start":{"line":32,"column":0},"end":{"line":32,"column":2}},"32":{"start":{"line":33,"column":0},"end":{"line":33,"column":1}}},"s":{"2":1,"3":1,"5":1,"6":1,"7":1,"8":1,"9":0,"10":0,"12":1,"13":1,"14":1,"15":2,"16":2,"17":1,"18":1,"19":1,"20":1,"21":4,"22":4,"23":4,"24":4,"26":2,"27":4,"28":4,"29":1,"30":1,"31":1,"32":1},"branchMap":{"0":{"type":"branch","line":4,"loc":{"start":{"line":4,"column":9},"end":{"line":4,"column":52}},"locations":[{"start":{"line":4,"column":9},"end":{"line":4,"column":52}}]},"1":{"type":"branch","line":6,"loc":{"start":{"line":6,"column":1},"end":{"line":8,"column":2}},"locations":[{"start":{"line":6,"column":1},"end":{"line":8,"column":2}}]},"2":{"type":"branch","line":13,"loc":{"start":{"line":13,"column":9},"end":{"line":20,"column":2}},"locations":[{"start":{"line":13,"column":9},"end":{"line":20,"column":2}}]},"3":{"type":"branch","line":15,"loc":{"start":{"line":15,"column":24},"end":{"line":18,"column":3}},"locations":[{"start":{"line":15,"column":24},"end":{"line":18,"column":3}}]},"4":{"type":"branch","line":21,"loc":{"start":{"line":21,"column":9},"end":{"line":29,"column":2}},"locations":[{"start":{"line":21,"column":9},"end":{"line":29,"column":2}}]},"5":{"type":"branch","line":25,"loc":{"start":{"line":25,"column":4},"end":{"line":27,"column":96}},"locations":[{"start":{"line":25,"column":4},"end":{"line":27,"column":96}}]},"6":{"type":"branch","line":30,"loc":{"start":{"line":30,"column":8},"end":{"line":32,"column":2}},"locations":[{"start":{"line":30,"column":8},"end":{"line":32,"column":2}}]},"7":{"type":"branch","line":31,"loc":{"start":{"line":31,"column":28},"end":{"line":31,"column":44}},"locations":[{"start":{"line":31,"column":28},"end":{"line":31,"column":44}}]}},"b":{"0":[1],"1":[1],"2":[1],"3":[2],"4":[4],"5":[2],"6":[1],"7":[0]},"fnMap":{"0":{"name":"Remover","decl":{"start":{"line":4,"column":9},"end":{"line":4,"column":52}},"loc":{"start":{"line":4,"column":9},"end":{"line":4,"column":52}},"line":4},"1":{"name":"apply","decl":{"start":{"line":6,"column":1},"end":{"line":8,"column":2}},"loc":{"start":{"line":6,"column":1},"end":{"line":8,"column":2}},"line":6},"2":{"name":"reverse","decl":{"start":{"line":9,"column":1},"end":{"line":11,"column":2}},"loc":{"start":{"line":9,"column":1},"end":{"line":11,"column":2}},"line":9},"3":{"name":"removeFrom","decl":{"start":{"line":13,"column":9},"end":{"line":20,"column":2}},"loc":{"start":{"line":13,"column":9},"end":{"line":20,"column":2}},"line":13},"4":{"name":"removeProperty","decl":{"start":{"line":21,"column":9},"end":{"line":29,"column":2}},"loc":{"start":{"line":21,"column":9},"end":{"line":29,"column":2}},"line":21},"5":{"name":"create","decl":{"start":{"line":30,"column":8},"end":{"line":32,"column":2}},"loc":{"start":{"line":30,"column":8},"end":{"line":32,"column":2}},"line":30}},"f":{"0":1,"1":1,"2":0,"3":1,"4":4,"5":1}}
,"/home/smika/versioned/utily/authly/Property/Renamer/Configuration.ts": {"path":"/home/smika/versioned/utily/authly/Property/Renamer/Configuration.ts","all":false,"statementMap":{"0":{"start":{"line":1,"column":0},"end":{"line":1,"column":27}},"5":{"start":{"line":6,"column":0},"end":{"line":6,"column":32}},"6":{"start":{"line":7,"column":0},"end":{"line":7,"column":47}},"7":{"start":{"line":8,"column":0},"end":{"line":8,"column":42}},"8":{"start":{"line":9,"column":0},"end":{"line":9,"column":58}},"9":{"start":{"line":10,"column":0},"end":{"line":10,"column":2}},"10":{"start":{"line":11,"column":0},"end":{"line":11,"column":26}},"11":{"start":{"line":12,"column":0},"end":{"line":12,"column":30}}},"s":{"0":1,"5":1,"6":7,"7":7,"8":7,"9":7,"10":7,"11":7},"branchMap":{"0":{"type":"branch","line":6,"loc":{"start":{"line":6,"column":7},"end":{"line":12,"column":30}},"locations":[{"start":{"line":6,"column":7},"end":{"line":12,"column":30}}]}},"b":{"0":[7]},"fnMap":{},"f":{}}
,"/home/smika/versioned/utily/authly/Property/Renamer/index.ts": {"path":"/home/smika/versioned/utily/authly/Property/Renamer/index.ts","all":false,"statementMap":{"0":{"start":{"line":1,"column":0},"end":{"line":1,"column":39}},"4":{"start":{"line":5,"column":0},"end":{"line":5,"column":45}},"6":{"start":{"line":7,"column":0},"end":{"line":7,"column":45}},"7":{"start":{"line":8,"column":0},"end":{"line":8,"column":117}},"8":{"start":{"line":9,"column":0},"end":{"line":9,"column":2}},"9":{"start":{"line":10,"column":0},"end":{"line":10,"column":59}},"10":{"start":{"line":11,"column":0},"end":{"line":11,"column":60}},"11":{"start":{"line":12,"column":0},"end":{"line":12,"column":2}},"12":{"start":{"line":13,"column":0},"end":{"line":13,"column":61}},"13":{"start":{"line":14,"column":0},"end":{"line":14,"column":60}},"14":{"start":{"line":15,"column":0},"end":{"line":15,"column":2}},"15":{"start":{"line":16,"column":0},"end":{"line":16,"column":75}},"16":{"start":{"line":17,"column":0},"end":{"line":17,"column":28}},"17":{"start":{"line":18,"column":0},"end":{"line":18,"column":28}},"18":{"start":{"line":19,"column":0},"end":{"line":19,"column":22}},"19":{"start":{"line":20,"column":0},"end":{"line":20,"column":62}},"21":{"start":{"line":22,"column":0},"end":{"line":22,"column":53}},"22":{"start":{"line":23,"column":0},"end":{"line":23,"column":15}},"23":{"start":{"line":24,"column":0},"end":{"line":24,"column":2}},"24":{"start":{"line":25,"column":0},"end":{"line":25,"column":68}},"25":{"start":{"line":26,"column":0},"end":{"line":26,"column":17}},"26":{"start":{"line":27,"column":0},"end":{"line":27,"column":31}},"27":{"start":{"line":28,"column":0},"end":{"line":28,"column":14}},"28":{"start":{"line":29,"column":0},"end":{"line":29,"column":70}},"29":{"start":{"line":30,"column":0},"end":{"line":30,"column":8}},"30":{"start":{"line":31,"column":0},"end":{"line":31,"column":101}},"31":{"start":{"line":32,"column":0},"end":{"line":32,"column":20}},"32":{"start":{"line":33,"column":0},"end":{"line":33,"column":2}},"33":{"start":{"line":34,"column":0},"end":{"line":34,"column":1}},"34":{"start":{"line":35,"column":0},"end":{"line":35,"column":26}},"35":{"start":{"line":36,"column":0},"end":{"line":36,"column":51}}},"s":{"0":1,"4":1,"6":1,"7":4,"8":4,"9":1,"10":5,"11":5,"12":1,"13":4,"14":4,"15":1,"16":23,"17":23,"18":23,"19":55,"21":17,"22":23,"23":23,"24":1,"25":67,"26":67,"27":7,"28":7,"29":7,"30":60,"31":67,"32":67,"33":1,"34":1,"35":7},"branchMap":{"0":{"type":"branch","line":36,"loc":{"start":{"line":36,"column":31},"end":{"line":36,"column":51}},"locations":[{"start":{"line":36,"column":31},"end":{"line":36,"column":51}}]},"1":{"type":"branch","line":7,"loc":{"start":{"line":7,"column":1},"end":{"line":9,"column":2}},"locations":[{"start":{"line":7,"column":1},"end":{"line":9,"column":2}}]},"2":{"type":"branch","line":8,"loc":{"start":{"line":8,"column":65},"end":{"line":8,"column":112}},"locations":[{"start":{"line":8,"column":65},"end":{"line":8,"column":112}}]},"3":{"type":"branch","line":10,"loc":{"start":{"line":10,"column":1},"end":{"line":12,"column":2}},"locations":[{"start":{"line":10,"column":1},"end":{"line":12,"column":2}}]},"4":{"type":"branch","line":13,"loc":{"start":{"line":13,"column":1},"end":{"line":15,"column":2}},"locations":[{"start":{"line":13,"column":1},"end":{"line":15,"column":2}}]},"5":{"type":"branch","line":16,"loc":{"start":{"line":16,"column":9},"end":{"line":24,"column":2}},"locations":[{"start":{"line":16,"column":9},"end":{"line":24,"column":2}}]},"6":{"type":"branch","line":19,"loc":{"start":{"line":19,"column":3},"end":{"line":22,"column":53}},"locations":[{"start":{"line":19,"column":3},"end":{"line":22,"column":53}}]},"7":{"type":"branch","line":20,"loc":{"start":{"line":20,"column":4},"end":{"line":20,"column":62}},"locations":[{"start":{"line":20,"column":4},"end":{"line":20,"column":62}}]},"8":{"type":"branch","line":20,"loc":{"start":{"line":20,"column":61},"end":{"line":22,"column":53}},"locations":[{"start":{"line":20,"column":61},"end":{"line":22,"column":53}}]},"9":{"type":"branch","line":25,"loc":{"start":{"line":25,"column":9},"end":{"line":33,"column":2}},"locations":[{"start":{"line":25,"column":9},"end":{"line":33,"column":2}}]},"10":{"type":"branch","line":27,"loc":{"start":{"line":27,"column":30},"end":{"line":30,"column":8}},"locations":[{"start":{"line":27,"column":30},"end":{"line":30,"column":8}}]},"11":{"type":"branch","line":30,"loc":{"start":{"line":30,"column":2},"end":{"line":31,"column":101}},"locations":[{"start":{"line":30,"column":2},"end":{"line":31,"column":101}}]},"12":{"type":"branch","line":31,"loc":{"start":{"line":31,"column":30},"end":{"line":31,"column":94}},"locations":[{"start":{"line":31,"column":30},"end":{"line":31,"column":94}}]},"13":{"type":"branch","line":31,"loc":{"start":{"line":31,"column":90},"end":{"line":31,"column":101}},"locations":[{"start":{"line":31,"column":90},"end":{"line":31,"column":101}}]},"14":{"type":"branch","line":29,"loc":{"start":{"line":29,"column":19},"end":{"line":29,"column":69}},"locations":[{"start":{"line":29,"column":19},"end":{"line":29,"column":69}}]},"15":{"type":"branch","line":35,"loc":{"start":{"line":35,"column":7},"end":{"line":36,"column":51}},"locations":[{"start":{"line":35,"column":7},"end":{"line":36,"column":51}}]}},"b":{"0":[0],"1":[4],"2":[13],"3":[5],"4":[4],"5":[23],"6":[55],"7":[38],"8":[17],"9":[67],"10":[7],"11":[60],"12":[14],"13":[46],"14":[12],"15":[7]},"fnMap":{"0":{"name":"Renamer","decl":{"start":{"line":7,"column":1},"end":{"line":9,"column":2}},"loc":{"start":{"line":7,"column":1},"end":{"line":9,"column":2}},"line":7},"1":{"name":"apply","decl":{"start":{"line":10,"column":1},"end":{"line":12,"column":2}},"loc":{"start":{"line":10,"column":1},"end":{"line":12,"column":2}},"line":10},"2":{"name":"reverse","decl":{"start":{"line":13,"column":1},"end":{"line":15,"column":2}},"loc":{"start":{"line":13,"column":1},"end":{"line":15,"column":2}},"line":13},"3":{"name":"remap","decl":{"start":{"line":16,"column":9},"end":{"line":24,"column":2}},"loc":{"start":{"line":16,"column":9},"end":{"line":24,"column":2}},"line":16},"4":{"name":"resolve","decl":{"start":{"line":25,"column":9},"end":{"line":33,"column":2}},"loc":{"start":{"line":25,"column":9},"end":{"line":33,"column":2}},"line":25}},"f":{"0":4,"1":5,"2":4,"3":23,"4":67}}
,"/home/smika/versioned/utily/authly/shim/TypedArray-from.js": {"path":"/home/smika/versioned/utily/authly/shim/TypedArray-from.js","all":false,"statementMap":{"0":{"start":{"line":1,"column":0},"end":{"line":1,"column":33}},"1":{"start":{"line":2,"column":0},"end":{"line":2,"column":10}},"2":{"start":{"line":3,"column":0},"end":{"line":3,"column":74}},"3":{"start":{"line":4,"column":0},"end":{"line":4,"column":47}},"4":{"start":{"line":5,"column":0},"end":{"line":5,"column":36}},"5":{"start":{"line":6,"column":0},"end":{"line":6,"column":49}},"6":{"start":{"line":7,"column":0},"end":{"line":7,"column":4}},"7":{"start":{"line":8,"column":0},"end":{"line":8,"column":44}},"8":{"start":{"line":9,"column":0},"end":{"line":9,"column":53}},"9":{"start":{"line":10,"column":0},"end":{"line":10,"column":4}},"10":{"start":{"line":11,"column":0},"end":{"line":11,"column":52}},"11":{"start":{"line":12,"column":0},"end":{"line":12,"column":43}},"12":{"start":{"line":13,"column":0},"end":{"line":13,"column":63}},"13":{"start":{"line":14,"column":0},"end":{"line":14,"column":4}},"14":{"start":{"line":15,"column":0},"end":{"line":15,"column":26}},"15":{"start":{"line":16,"column":0},"end":{"line":16,"column":24}},"16":{"start":{"line":17,"column":0},"end":{"line":17,"column":22}},"17":{"start":{"line":18,"column":0},"end":{"line":18,"column":4}},"18":{"start":{"line":19,"column":0},"end":{"line":19,"column":20}},"19":{"start":{"line":20,"column":0},"end":{"line":20,"column":33}},"20":{"start":{"line":21,"column":0},"end":{"line":21,"column":23}},"21":{"start":{"line":22,"column":0},"end":{"line":22,"column":4}},"22":{"start":{"line":23,"column":0},"end":{"line":23,"column":51}},"23":{"start":{"line":24,"column":0},"end":{"line":24,"column":47}},"24":{"start":{"line":25,"column":0},"end":{"line":25,"column":48}},"25":{"start":{"line":26,"column":0},"end":{"line":26,"column":31}},"26":{"start":{"line":27,"column":0},"end":{"line":27,"column":4}},"27":{"start":{"line":28,"column":0},"end":{"line":28,"column":20}},"28":{"start":{"line":29,"column":0},"end":{"line":29,"column":3}},"29":{"start":{"line":30,"column":0},"end":{"line":30,"column":5}},"30":{"start":{"line":31,"column":0},"end":{"line":31,"column":1}}},"s":{"0":1,"1":0,"2":0,"3":0,"4":0,"5":0,"6":0,"7":0,"8":0,"9":0,"10":0,"11":0,"12":0,"13":0,"14":0,"15":0,"16":0,"17":0,"18":0,"19":0,"20":0,"21":0,"22":0,"23":0,"24":0,"25":0,"26":0,"27":0,"28":0,"29":0,"30":0},"branchMap":{"0":{"type":"branch","line":1,"loc":{"start":{"line":1,"column":32},"end":{"line":31,"column":1}},"locations":[{"start":{"line":1,"column":32},"end":{"line":31,"column":1}}]},"1":{"type":"branch","line":2,"loc":{"start":{"line":2,"column":3},"end":{"line":30,"column":2}},"locations":[{"start":{"line":2,"column":3},"end":{"line":30,"column":2}}]}},"b":{"0":[0],"1":[0]},"fnMap":{},"f":{}}
,"/home/smika/versioned/utily/authly/shim/index.ts": {"path":"/home/smika/versioned/utily/authly/shim/index.ts","all":false,"statementMap":{"0":{"start":{"line":1,"column":0},"end":{"line":1,"column":26}}},"s":{"0":1},"branchMap":{},"b":{},"fnMap":{},"f":{}}
}
